Log file open, 08/07/16 05:37:17
LogInit:Display: Running engine for game: MyProject
LogPlatformFile: Not using cached read wrapper
LogInit:Display: RandInit(1780878927) SRandInit(1780878929).
LogTaskGraph: Started task graph with 4 named threads and 5 total threads with 1 sets of task threads.
LogStats: Stats thread started at 0.075465
LogInit: Version: 4.12.5-3039270+++UE4+Release-4.12
LogInit: API Version: 2992821
LogInit: Net Version: 3039270
LogDevObjectVersion: Number of dev versions registered: 13
LogDevObjectVersion:   Dev-Blueprints (B0D832E4-1F89-4F0D-ACCF-7EB736FD4AA2): 3
LogDevObjectVersion:   Dev-Build (E1C64328-A22C-4D53-A36C-8E866417BD8C): 0
LogDevObjectVersion:   Dev-Core (375EC13C-06E4-48FB-B500-84F0262A717E): 1
LogDevObjectVersion:   Dev-Editor (E4B068ED-F494-42E9-A231-DA0B2E46BB41): 2
LogDevObjectVersion:   Dev-Framework (CFFC743F-43B0-4480-9391-14DF171D2073): 6
LogDevObjectVersion:   Dev-Mobile (B02B49B5-BB20-44E9-A304-32B752E40360): 0
LogDevObjectVersion:   Dev-Networking (A4E4105C-59A1-49B5-A7C5-40C4547EDFEE): 0
LogDevObjectVersion:   Dev-Online (39C831C9-5AE6-47DC-9A44-9C173E1C8E7C): 0
LogDevObjectVersion:   Dev-Physics (78F01B33-EBEA-4F98-B9B4-84EACCB95AA2): 0
LogDevObjectVersion:   Dev-Platform (6631380F-2D4D-43E0-8009-CF276956A95A): 0
LogDevObjectVersion:   Dev-Rendering (12F88B9F-8875-4AFC-A67C-D90C383ABD29): 2
LogDevObjectVersion:   Dev-Sequencer (7B5AE74C-D270-4C10-A958-57980B212A5A): 0
LogDevObjectVersion:   Dev-VR (D7296918-1DD6-4BDD-9DE2-64A83CC13884): 0
LogInit: Compiled (64-bit): Jul  6 2016 09:09:46
LogInit: Compiled with Visual C++: 19.00.23026.00
LogInit: Build Configuration: Development
LogInit: Branch Name: ++UE4+Release-4.12
LogInit: Command line: -EpicPortal 
LogInit: Base directory: C:/Program Files (x86)/Epic Games/4.12/Engine/Binaries/Win64/
LogInit: Installed Engine Build: 1
LogInit: Using libcurl 7.41.0
LogInit:  - built for x86_64-pc-win32
LogInit:  - supports SSL with WinSSL
LogInit:  - other features:
LogInit:      CURL_VERSION_SSL
LogInit:      CURL_VERSION_IPV6
LogInit:      CURL_VERSION_ASYNCHDNS
LogInit:      CURL_VERSION_LARGEFILE
LogInit:      CURL_VERSION_IDN
LogInit:  CurlRequestOptions (configurable via config and command line):
LogInit:  - bVerifyPeer = true  - Libcurl will verify peer certificate
LogInit:  - bUseHttpProxy = false  - Libcurl will NOT use HTTP proxy
LogInit:  - bDontReuseConnections = false  - Libcurl will reuse connections
LogInit:  - CertBundlePath = nullptr  - Libcurl will use whatever was configured at build time.
LogInit: Presizing for max 8388607 objects, including 0 objects not considered by GC, pre-allocating 0 bytes for permanent pool.
LogInit: Object subsystem initialized
[2016.08.07-12.37.18:002][  0]LogInit: Selected Device Profile: [Windows]
[2016.08.07-12.37.18:002][  0]LogInit: Applying CVar settings loaded from the selected device profile: [Windows]
[2016.08.07-12.37.18:017][  0]LogInit: Computer: HOMEPC
[2016.08.07-12.37.18:017][  0]LogInit: User: Christopher
[2016.08.07-12.37.18:017][  0]LogInit: CPU Page size=65536, Cores=2
[2016.08.07-12.37.18:017][  0]LogInit: High frequency timer resolution =3.710951 MHz
[2016.08.07-12.37.18:018][  0]LogMemory: Memory total: Physical=16.0GB (16GB approx)
[2016.08.07-12.37.18:018][  0]LogMemory: Platform Memory Stats for Windows
[2016.08.07-12.37.18:018][  0]LogMemory: Process Physical Memory: 189.57 MB used, 189.57 MB peak
[2016.08.07-12.37.18:018][  0]LogMemory: Process Virtual Memory: 194.73 MB used, 194.73 MB peak
[2016.08.07-12.37.18:018][  0]LogMemory: Physical Memory: 4333.98 MB used, 16383.18 MB total
[2016.08.07-12.37.18:018][  0]LogMemory: Virtual Memory: 551.99 MB used, 134217728.00 MB total
[2016.08.07-12.37.18:051][  0]LogTextLocalizationManager: No specific translations for ('en-US') exist, so ('en') translations will be used.
[2016.08.07-12.37.18:618][  0]LogD3D11RHI: D3D11 adapters:
[2016.08.07-12.37.18:651][  0]LogD3D11RHI:    0. 'NVIDIA GeForce GT 740' (Feature Level 11_0)
[2016.08.07-12.37.18:651][  0]LogD3D11RHI:       4027/0/8191 MB DedicatedVideo/DedicatedSystem/SharedSystem, Outputs:1, VendorId:0x10de
[2016.08.07-12.37.18:653][  0]LogD3D11RHI:    1. 'Microsoft Basic Render Driver' (Feature Level 11_0)
[2016.08.07-12.37.18:653][  0]LogD3D11RHI:       0/0/8191 MB DedicatedVideo/DedicatedSystem/SharedSystem, Outputs:0, VendorId:0x1414
[2016.08.07-12.37.18:653][  0]LogD3D11RHI: Chosen D3D11 Adapter: 0
[2016.08.07-12.37.18:660][  0]LogD3D11RHI: Creating new Direct3DDevice
[2016.08.07-12.37.18:660][  0]LogD3D11RHI:     GPU DeviceId: 0xfc8 (for the marketing name, search the web for "GPU Device Id")
[2016.08.07-12.37.18:660][  0]LogWindows: EnumDisplayDevices:
[2016.08.07-12.37.18:660][  0]LogWindows:    0. 'NVIDIA GeForce GT 740' (P:1 D:1)
[2016.08.07-12.37.18:661][  0]LogWindows:    1. 'NVIDIA GeForce GT 740' (P:0 D:0)
[2016.08.07-12.37.18:661][  0]LogWindows:    2. 'NVIDIA GeForce GT 740' (P:0 D:0)
[2016.08.07-12.37.18:661][  0]LogWindows: DebugString: FoundDriverCount:3 
[2016.08.07-12.37.18:661][  0]LogD3D11RHI:     Adapter Name: NVIDIA GeForce GT 740
[2016.08.07-12.37.18:661][  0]LogD3D11RHI:   Driver Version: 353.82 (internal:10.18.13.5382, unified:353.82)
[2016.08.07-12.37.18:661][  0]LogD3D11RHI:      Driver Date: 8-7-2015
[2016.08.07-12.37.18:661][  0]LogRHI: Texture pool is 1361 MB (70% of 1945 MB)
[2016.08.07-12.37.18:681][  0]LogD3D11RHI: Async texture creation enabled
[2016.08.07-12.37.18:700][  0]LogD3D11RHI: GPU Timing Frequency: 1000.000000 (Debug: 2 2)
[2016.08.07-12.37.18:701][  0]LogShaderCompilers: Guid format shader working directory is -11 characters bigger than the processId version (../../../../../../Users/Christopher/Desktop/Git/EU4/MyProject/Intermediate/Shaders/WorkingDirectory/788/).
[2016.08.07-12.37.18:701][  0]LogShaderCompilers: Cleaned the shader compiler working directory 'C:/Users/CHRIST~1/AppData/Local/Temp/UnrealShaderWorkingDir/783526294CBD5DD0C4AEEAB412164DAF/'.
[2016.08.07-12.37.18:701][  0]LogShaderCompilers:Display: Using Local Shader Compiler.
[2016.08.07-12.37.20:094][  0]LogTemp:Display: Loaded TP AllDesktopTargetPlatform
[2016.08.07-12.37.20:109][  0]LogTemp:Display: Loaded TP WindowsClientTargetPlatform
[2016.08.07-12.37.20:124][  0]LogTemp:Display: Loaded TP WindowsNoEditorTargetPlatform
[2016.08.07-12.37.20:139][  0]LogTemp:Display: Loaded TP WindowsServerTargetPlatform
[2016.08.07-12.37.20:154][  0]LogTemp:Display: Loaded TP WindowsTargetPlatform
[2016.08.07-12.37.20:166][  0]LogTemp:Display: Loaded TP AndroidTargetPlatform
[2016.08.07-12.37.20:178][  0]LogTemp:Display: Loaded TP Android_ASTCTargetPlatform
[2016.08.07-12.37.20:190][  0]LogTemp:Display: Loaded TP Android_ATCTargetPlatform
[2016.08.07-12.37.20:202][  0]LogTemp:Display: Loaded TP Android_DXTTargetPlatform
[2016.08.07-12.37.20:214][  0]LogTemp:Display: Loaded TP Android_ETC1TargetPlatform
[2016.08.07-12.37.20:227][  0]LogTemp:Display: Loaded TP Android_ETC2TargetPlatform
[2016.08.07-12.37.20:251][  0]LogTemp:Display: Loaded TP Android_MultiTargetPlatform
[2016.08.07-12.37.20:251][  0]LogTemp:Display: Loaded TP Android_PVRTCTargetPlatform
[2016.08.07-12.37.20:252][  0]LogTemp:Display: Loaded TP HTML5TargetPlatform
[2016.08.07-12.37.20:279][  0]LogTemp:Display: Loaded TP IOSTargetPlatform
[2016.08.07-12.37.20:291][  0]LogTemp:Display: Loaded TP TVOSTargetPlatform
[2016.08.07-12.37.20:304][  0]LogTemp:Display: Loaded TP LinuxNoEditorTargetPlatform
[2016.08.07-12.37.20:317][  0]LogTemp:Display: Loaded TP LinuxServerTargetPlatform
[2016.08.07-12.37.20:331][  0]LogTemp:Display: Loaded TP LinuxTargetPlatform
[2016.08.07-12.37.20:331][  0]LogTargetPlatformManager:Display: Building Assets For Windows
[2016.08.07-12.37.20:447][  0]LogDerivedDataCache:Display: Max Cache Size: 512 MB
[2016.08.07-12.37.20:543][  0]LogDerivedDataCache: Loaded boot cache 0.09s 48MB C:/Users/Christopher/AppData/Local/UnrealEngine/4.12/DerivedDataCache/Boot.ddc.
[2016.08.07-12.37.20:543][  0]LogDerivedDataCache:Display: Loaded Boot cache: C:/Users/Christopher/AppData/Local/UnrealEngine/4.12/DerivedDataCache/Boot.ddc
[2016.08.07-12.37.20:543][  0]LogDerivedDataCache: FDerivedDataBackendGraph:  Pak pak cache file ../../../../../../Users/Christopher/Desktop/Git/EU4/MyProject/DerivedDataCache/DDC.ddp not found, will not use a pak cache.
[2016.08.07-12.37.20:544][  0]LogDerivedDataCache: Unable to find inner node Pak for hierarchical cache Hierarchy.
[2016.08.07-12.37.20:544][  0]LogDerivedDataCache: FDerivedDataBackendGraph:  CompressedPak pak cache file ../../../../../../Users/Christopher/Desktop/Git/EU4/MyProject/DerivedDataCache/Compressed.ddp not found, will not use a pak cache.
[2016.08.07-12.37.20:544][  0]LogDerivedDataCache: Unable to find inner node CompressedPak for hierarchical cache Hierarchy.
[2016.08.07-12.37.20:569][  0]LogDerivedDataCache:Display: Pak cache opened for reading ../../../Engine/DerivedDataCache/Compressed.ddp.
[2016.08.07-12.37.20:581][  0]LogDerivedDataCache: Using Local data cache path C:/Users/Christopher/AppData/Local/UnrealEngine/Common/DerivedDataCache: Writable
[2016.08.07-12.37.20:909][  0]LogInit: Selected Device Profile: [Windows]
[2016.08.07-12.37.20:910][  0]LogContentStreaming: Texture pool size is 0.00 MB
[2016.08.07-12.37.21:155][  0]LogMeshUtilities: No automatic mesh reduction module available
[2016.08.07-12.37.21:155][  0]LogMeshUtilities: No automatic mesh merging module available
[2016.08.07-12.37.21:155][  0]LogMeshUtilities: No distributed automatic mesh merging module available
[2016.08.07-12.37.21:495][  0]LogAssetRegistry: FAssetRegistry took 0.0213 seconds to start up
[2016.08.07-12.37.21:535][  0]LogPackageLocalizationCache: Processed 3 localized package path(s) for 2 prioritized culture(s) in 0.034933 seconds
[2016.08.07-12.37.21:545][  0]LogUObjectArray: 28739 objects as part of root set at end of initial load.
[2016.08.07-12.37.21:545][  0]LogUObjectAllocator: 5855624 out of 0 bytes used by permanent object pool.
[2016.08.07-12.37.21:545][  0]LogUObjectArray: CloseDisregardForGC: 0/0 objects in disregard for GC pool
[2016.08.07-12.37.21:560][  0]LogInit: WinSock: version 1.1 (2.2), MaxSocks=32767, MaxUdp=65467
[2016.08.07-12.37.21:855][  0]LogSlate: SlateFontCache - WITH_FREETYPE: 1, WITH_HARFBUZZ: 1
[2016.08.07-12.37.21:855][  0]LogSlate: SlateFontCache - WITH_FREETYPE: 1, WITH_HARFBUZZ: 1
[2016.08.07-12.37.22:878][  0]LogUdpMessaging: Initializing bridge on interface 0.0.0.0:0 to multicast group 230.0.0.1:6666.
[2016.08.07-12.37.23:143][  0]SourceControl: Info Source control is disabled
[2016.08.07-12.37.23:192][  0]SourceControl: Info Source control is disabled
[2016.08.07-12.37.23:204][  0]SourceControl: Info Source control is disabled
[2016.08.07-12.37.23:217][  0]SourceControl: Info Source control is disabled
[2016.08.07-12.37.23:654][  0]LogEngine: Initializing Engine...
[2016.08.07-12.37.23:656][  0]LogHMD: SteamVR failed to initialize.  Err: 110
[2016.08.07-12.37.23:656][  0]LogHMD: SteamVR failed to initialize.  Err: 110
[2016.08.07-12.37.23:850][  0]LogAIModule: Creating AISystem for world NewWorld
[2016.08.07-12.37.23:864][  0]LogInit: XAudio2 using 'Speakers (Plantronics GameCom 780/788)' : 2 channels at 44.1 kHz using 16 bits per sample (channel mask 0x3)
[2016.08.07-12.37.23:877][  0]LogInit: FAudioDevice initialized.
[2016.08.07-12.37.23:923][  0]LogDerivedDataCache: Saved boot cache 0.05s 48MB C:/Users/Christopher/AppData/Local/UnrealEngine/4.12/DerivedDataCache/Boot.ddc.
[2016.08.07-12.37.23:938][  0]LogInit: Texture streaming: Enabled
[2016.08.07-12.37.23:978][  0]LogInit: Transaction tracking system initialized
[2016.08.07-12.37.24:013][  0]BlueprintLog: New page: Editor Load
[2016.08.07-12.37.24:297][  0]LocalizationService: Info Localization service is disabled
[2016.08.07-12.37.24:420][  0]LogConsoleResponse:Display: 
[2016.08.07-12.37.24:552][  0]LogCook:Display: Max memory allowance for cook 8192mb
[2016.08.07-12.37.24:552][  0]LogCook:Display: Mobile HDR setting 1
[2016.08.07-12.37.24:728][  0]LogFileCache: Scanning file cache for directory 'C:/Users/Christopher/Desktop/Git/EU4/MyProject/Content/' took 0.01s
[2016.08.07-12.37.24:728][  0]SourceControl: Info Source control is disabled
[2016.08.07-12.37.24:729][  0]LogFactory: FactoryCreateFile: PackFactory with PackFactory (0 0 C:/Program Files (x86)/Epic Games/4.12/FeaturePacks/StarterContent.upack)
[2016.08.07-12.37.24:741][  0]LogPackFactory: Finished extracting 8 files (including 0 errors).
[2016.08.07-12.37.24:746][  0]LogPackFactory: Copied "../../../Samples/StarterContent/Content/StarterContent/Architecture/Floor_400x400.uasset" to "../../../../../../Users/Christopher/Desktop/Git/EU4/MyProject/Content/StarterContent/Architecture/Floor_400x400.uasset"
[2016.08.07-12.37.24:750][  0]LogPackFactory: Copied "../../../Samples/StarterContent/Content/StarterContent/Architecture/Pillar_50x500.uasset" to "../../../../../../Users/Christopher/Desktop/Git/EU4/MyProject/Content/StarterContent/Architecture/Pillar_50x500.uasset"
[2016.08.07-12.37.24:756][  0]LogPackFactory: Copied "../../../Samples/StarterContent/Content/StarterContent/Architecture/SM_AssetPlatform.uasset" to "../../../../../../Users/Christopher/Desktop/Git/EU4/MyProject/Content/StarterContent/Architecture/SM_AssetPlatform.uasset"
[2016.08.07-12.37.24:761][  0]LogPackFactory: Copied "../../../Samples/StarterContent/Content/StarterContent/Architecture/Wall_400x200.uasset" to "../../../../../../Users/Christopher/Desktop/Git/EU4/MyProject/Content/StarterContent/Architecture/Wall_400x200.uasset"
[2016.08.07-12.37.24:766][  0]LogPackFactory: Copied "../../../Samples/StarterContent/Content/StarterContent/Architecture/Wall_400x300.uasset" to "../../../../../../Users/Christopher/Desktop/Git/EU4/MyProject/Content/StarterContent/Architecture/Wall_400x300.uasset"
[2016.08.07-12.37.24:770][  0]LogPackFactory: Copied "../../../Samples/StarterContent/Content/StarterContent/Architecture/Wall_400x400.uasset" to "../../../../../../Users/Christopher/Desktop/Git/EU4/MyProject/Content/StarterContent/Architecture/Wall_400x400.uasset"
[2016.08.07-12.37.24:775][  0]LogPackFactory: Copied "../../../Samples/StarterContent/Content/StarterContent/Architecture/Wall_500x500.uasset" to "../../../../../../Users/Christopher/Desktop/Git/EU4/MyProject/Content/StarterContent/Architecture/Wall_500x500.uasset"
[2016.08.07-12.37.24:780][  0]LogPackFactory: Copied "../../../Samples/StarterContent/Content/StarterContent/Architecture/Wall_Door_400x300.uasset" to "../../../../../../Users/Christopher/Desktop/Git/EU4/MyProject/Content/StarterContent/Architecture/Wall_Door_400x300.uasset"
[2016.08.07-12.37.24:784][  0]LogPackFactory: Copied "../../../Samples/StarterContent/Content/StarterContent/Architecture/Wall_Door_400x400.uasset" to "../../../../../../Users/Christopher/Desktop/Git/EU4/MyProject/Content/StarterContent/Architecture/Wall_Door_400x400.uasset"
[2016.08.07-12.37.24:789][  0]LogPackFactory: Copied "../../../Samples/StarterContent/Content/StarterContent/Architecture/Wall_Window_400x300.uasset" to "../../../../../../Users/Christopher/Desktop/Git/EU4/MyProject/Content/StarterContent/Architecture/Wall_Window_400x300.uasset"
[2016.08.07-12.37.24:794][  0]LogPackFactory: Copied "../../../Samples/StarterContent/Content/StarterContent/Architecture/Wall_Window_400x400.uasset" to "../../../../../../Users/Christopher/Desktop/Git/EU4/MyProject/Content/StarterContent/Architecture/Wall_Window_400x400.uasset"
[2016.08.07-12.37.24:799][  0]LogPackFactory: Copied "../../../Samples/StarterContent/Content/StarterContent/Audio/Collapse01.uasset" to "../../../../../../Users/Christopher/Desktop/Git/EU4/MyProject/Content/StarterContent/Audio/Collapse01.uasset"
[2016.08.07-12.37.24:804][  0]LogPackFactory: Copied "../../../Samples/StarterContent/Content/StarterContent/Audio/Collapse02.uasset" to "../../../../../../Users/Christopher/Desktop/Git/EU4/MyProject/Content/StarterContent/Audio/Collapse02.uasset"
[2016.08.07-12.37.24:806][  0]LogPackFactory: Copied "../../../Samples/StarterContent/Content/StarterContent/Audio/Collapse_Cue.uasset" to "../../../../../../Users/Christopher/Desktop/Git/EU4/MyProject/Content/StarterContent/Audio/Collapse_Cue.uasset"
[2016.08.07-12.37.24:811][  0]LogPackFactory: Copied "../../../Samples/StarterContent/Content/StarterContent/Audio/Explosion01.uasset" to "../../../../../../Users/Christopher/Desktop/Git/EU4/MyProject/Content/StarterContent/Audio/Explosion01.uasset"
[2016.08.07-12.37.24:816][  0]LogPackFactory: Copied "../../../Samples/StarterContent/Content/StarterContent/Audio/Explosion02.uasset" to "../../../../../../Users/Christopher/Desktop/Git/EU4/MyProject/Content/StarterContent/Audio/Explosion02.uasset"
[2016.08.07-12.37.24:818][  0]LogPackFactory: Copied "../../../Samples/StarterContent/Content/StarterContent/Audio/Explosion_Cue.uasset" to "../../../../../../Users/Christopher/Desktop/Git/EU4/MyProject/Content/StarterContent/Audio/Explosion_Cue.uasset"
[2016.08.07-12.37.24:823][  0]LogPackFactory: Copied "../../../Samples/StarterContent/Content/StarterContent/Audio/Fire01.uasset" to "../../../../../../Users/Christopher/Desktop/Git/EU4/MyProject/Content/StarterContent/Audio/Fire01.uasset"
[2016.08.07-12.37.24:825][  0]LogPackFactory: Copied "../../../Samples/StarterContent/Content/StarterContent/Audio/Fire01_Cue.uasset" to "../../../../../../Users/Christopher/Desktop/Git/EU4/MyProject/Content/StarterContent/Audio/Fire01_Cue.uasset"
[2016.08.07-12.37.24:830][  0]LogPackFactory: Copied "../../../Samples/StarterContent/Content/StarterContent/Audio/Fire_Sparks01.uasset" to "../../../../../../Users/Christopher/Desktop/Git/EU4/MyProject/Content/StarterContent/Audio/Fire_Sparks01.uasset"
[2016.08.07-12.37.24:831][  0]LogPackFactory: Copied "../../../Samples/StarterContent/Content/StarterContent/Audio/Fire_Sparks01_Cue.uasset" to "../../../../../../Users/Christopher/Desktop/Git/EU4/MyProject/Content/StarterContent/Audio/Fire_Sparks01_Cue.uasset"
[2016.08.07-12.37.24:837][  0]LogPackFactory: Copied "../../../Samples/StarterContent/Content/StarterContent/Audio/Light01.uasset" to "../../../../../../Users/Christopher/Desktop/Git/EU4/MyProject/Content/StarterContent/Audio/Light01.uasset"
[2016.08.07-12.37.24:838][  0]LogPackFactory: Copied "../../../Samples/StarterContent/Content/StarterContent/Audio/Light01_Cue.uasset" to "../../../../../../Users/Christopher/Desktop/Git/EU4/MyProject/Content/StarterContent/Audio/Light01_Cue.uasset"
[2016.08.07-12.37.24:843][  0]LogPackFactory: Copied "../../../Samples/StarterContent/Content/StarterContent/Audio/Light02.uasset" to "../../../../../../Users/Christopher/Desktop/Git/EU4/MyProject/Content/StarterContent/Audio/Light02.uasset"
[2016.08.07-12.37.24:845][  0]LogPackFactory: Copied "../../../Samples/StarterContent/Content/StarterContent/Audio/Light02_Cue.uasset" to "../../../../../../Users/Christopher/Desktop/Git/EU4/MyProject/Content/StarterContent/Audio/Light02_Cue.uasset"
[2016.08.07-12.37.24:850][  0]LogPackFactory: Copied "../../../Samples/StarterContent/Content/StarterContent/Audio/Smoke01.uasset" to "../../../../../../Users/Christopher/Desktop/Git/EU4/MyProject/Content/StarterContent/Audio/Smoke01.uasset"
[2016.08.07-12.37.24:852][  0]LogPackFactory: Copied "../../../Samples/StarterContent/Content/StarterContent/Audio/Smoke01_Cue.uasset" to "../../../../../../Users/Christopher/Desktop/Git/EU4/MyProject/Content/StarterContent/Audio/Smoke01_Cue.uasset"
[2016.08.07-12.37.24:856][  0]LogPackFactory: Copied "../../../Samples/StarterContent/Content/StarterContent/Audio/Starter_Background_Cue.uasset" to "../../../../../../Users/Christopher/Desktop/Git/EU4/MyProject/Content/StarterContent/Audio/Starter_Background_Cue.uasset"
[2016.08.07-12.37.24:864][  0]LogPackFactory: Copied "../../../Samples/StarterContent/Content/StarterContent/Audio/Starter_Birds01.uasset" to "../../../../../../Users/Christopher/Desktop/Git/EU4/MyProject/Content/StarterContent/Audio/Starter_Birds01.uasset"
[2016.08.07-12.37.24:880][  0]LogPackFactory: Copied "../../../Samples/StarterContent/Content/StarterContent/Audio/Starter_Music01.uasset" to "../../../../../../Users/Christopher/Desktop/Git/EU4/MyProject/Content/StarterContent/Audio/Starter_Music01.uasset"
[2016.08.07-12.37.24:881][  0]LogPackFactory: Copied "../../../Samples/StarterContent/Content/StarterContent/Audio/Starter_Music_Cue.uasset" to "../../../../../../Users/Christopher/Desktop/Git/EU4/MyProject/Content/StarterContent/Audio/Starter_Music_Cue.uasset"
[2016.08.07-12.37.24:889][  0]LogPackFactory: Copied "../../../Samples/StarterContent/Content/StarterContent/Audio/Starter_Wind05.uasset" to "../../../../../../Users/Christopher/Desktop/Git/EU4/MyProject/Content/StarterContent/Audio/Starter_Wind05.uasset"
[2016.08.07-12.37.24:897][  0]LogPackFactory: Copied "../../../Samples/StarterContent/Content/StarterContent/Audio/Starter_Wind06.uasset" to "../../../../../../Users/Christopher/Desktop/Git/EU4/MyProject/Content/StarterContent/Audio/Starter_Wind06.uasset"
[2016.08.07-12.37.24:903][  0]LogPackFactory: Copied "../../../Samples/StarterContent/Content/StarterContent/Audio/Steam01.uasset" to "../../../../../../Users/Christopher/Desktop/Git/EU4/MyProject/Content/StarterContent/Audio/Steam01.uasset"
[2016.08.07-12.37.24:904][  0]LogPackFactory: Copied "../../../Samples/StarterContent/Content/StarterContent/Audio/Steam01_Cue.uasset" to "../../../../../../Users/Christopher/Desktop/Git/EU4/MyProject/Content/StarterContent/Audio/Steam01_Cue.uasset"
[2016.08.07-12.37.24:910][  0]LogPackFactory: Copied "../../../Samples/StarterContent/Content/StarterContent/Blueprints/Blueprint_CeilingLight.uasset" to "../../../../../../Users/Christopher/Desktop/Git/EU4/MyProject/Content/StarterContent/Blueprints/Blueprint_CeilingLight.uasset"
[2016.08.07-12.37.24:915][  0]LogPackFactory: Copied "../../../Samples/StarterContent/Content/StarterContent/Blueprints/Blueprint_Effect_Explosion.uasset" to "../../../../../../Users/Christopher/Desktop/Git/EU4/MyProject/Content/StarterContent/Blueprints/Blueprint_Effect_Explosion.uasset"
[2016.08.07-12.37.24:920][  0]LogPackFactory: Copied "../../../Samples/StarterContent/Content/StarterContent/Blueprints/Blueprint_Effect_Fire.uasset" to "../../../../../../Users/Christopher/Desktop/Git/EU4/MyProject/Content/StarterContent/Blueprints/Blueprint_Effect_Fire.uasset"
[2016.08.07-12.37.24:925][  0]LogPackFactory: Copied "../../../Samples/StarterContent/Content/StarterContent/Blueprints/Blueprint_Effect_Smoke.uasset" to "../../../../../../Users/Christopher/Desktop/Git/EU4/MyProject/Content/StarterContent/Blueprints/Blueprint_Effect_Smoke.uasset"
[2016.08.07-12.37.24:930][  0]LogPackFactory: Copied "../../../Samples/StarterContent/Content/StarterContent/Blueprints/Blueprint_Effect_Sparks.uasset" to "../../../../../../Users/Christopher/Desktop/Git/EU4/MyProject/Content/StarterContent/Blueprints/Blueprint_Effect_Sparks.uasset"
[2016.08.07-12.37.24:935][  0]LogPackFactory: Copied "../../../Samples/StarterContent/Content/StarterContent/Blueprints/Blueprint_Effect_Steam.uasset" to "../../../../../../Users/Christopher/Desktop/Git/EU4/MyProject/Content/StarterContent/Blueprints/Blueprint_Effect_Steam.uasset"
[2016.08.07-12.37.24:940][  0]LogPackFactory: Copied "../../../Samples/StarterContent/Content/StarterContent/Blueprints/Blueprint_WallSconce.uasset" to "../../../../../../Users/Christopher/Desktop/Git/EU4/MyProject/Content/StarterContent/Blueprints/Blueprint_WallSconce.uasset"
[2016.08.07-12.37.24:945][  0]LogPackFactory: Copied "../../../Samples/StarterContent/Content/StarterContent/Blueprints/BP_LightStudio.uasset" to "../../../../../../Users/Christopher/Desktop/Git/EU4/MyProject/Content/StarterContent/Blueprints/BP_LightStudio.uasset"
[2016.08.07-12.37.24:947][  0]LogPackFactory: Copied "../../../Samples/StarterContent/Content/StarterContent/Blueprints/Assets/FogBrightnessLUT.uasset" to "../../../../../../Users/Christopher/Desktop/Git/EU4/MyProject/Content/StarterContent/Blueprints/Assets/FogBrightnessLUT.uasset"
[2016.08.07-12.37.24:952][  0]LogPackFactory: Copied "../../../Samples/StarterContent/Content/StarterContent/Blueprints/Assets/M_LightStage_Arrows.uasset" to "../../../../../../Users/Christopher/Desktop/Git/EU4/MyProject/Content/StarterContent/Blueprints/Assets/M_LightStage_Arrows.uasset"
[2016.08.07-12.37.24:957][  0]LogPackFactory: Copied "../../../Samples/StarterContent/Content/StarterContent/Blueprints/Assets/M_LightStage_Skybox_Black.uasset" to "../../../../../../Users/Christopher/Desktop/Git/EU4/MyProject/Content/StarterContent/Blueprints/Assets/M_LightStage_Skybox_Black.uasset"
[2016.08.07-12.37.24:962][  0]LogPackFactory: Copied "../../../Samples/StarterContent/Content/StarterContent/Blueprints/Assets/M_LightStage_Skybox_HDRI.uasset" to "../../../../../../Users/Christopher/Desktop/Git/EU4/MyProject/Content/StarterContent/Blueprints/Assets/M_LightStage_Skybox_HDRI.uasset"
[2016.08.07-12.37.24:967][  0]LogPackFactory: Copied "../../../Samples/StarterContent/Content/StarterContent/Blueprints/Assets/M_LightStage_Skybox_Master.uasset" to "../../../../../../Users/Christopher/Desktop/Git/EU4/MyProject/Content/StarterContent/Blueprints/Assets/M_LightStage_Skybox_Master.uasset"
[2016.08.07-12.37.24:973][  0]LogPackFactory: Copied "../../../Samples/StarterContent/Content/StarterContent/Blueprints/Assets/Skybox.uasset" to "../../../../../../Users/Christopher/Desktop/Git/EU4/MyProject/Content/StarterContent/Blueprints/Assets/Skybox.uasset"
[2016.08.07-12.37.24:978][  0]LogPackFactory: Copied "../../../Samples/StarterContent/Content/StarterContent/Blueprints/Assets/SM_Arrows.uasset" to "../../../../../../Users/Christopher/Desktop/Git/EU4/MyProject/Content/StarterContent/Blueprints/Assets/SM_Arrows.uasset"
[2016.08.07-12.37.24:980][  0]LogPackFactory: Copied "../../../Samples/StarterContent/Content/StarterContent/Blueprints/Assets/SunlightColorLUT.uasset" to "../../../../../../Users/Christopher/Desktop/Git/EU4/MyProject/Content/StarterContent/Blueprints/Assets/SunlightColorLUT.uasset"
[2016.08.07-12.37.25:080][  0]LogPackFactory: Copied "../../../Samples/StarterContent/Content/StarterContent/HDRI/HDRI_Epic_Courtyard_Daylight.uasset" to "../../../../../../Users/Christopher/Desktop/Git/EU4/MyProject/Content/StarterContent/HDRI/HDRI_Epic_Courtyard_Daylight.uasset"
[2016.08.07-12.37.25:085][  0]LogPackFactory: Copied "../../../Samples/StarterContent/Content/StarterContent/Maps/Advanced_Lighting.umap" to "../../../../../../Users/Christopher/Desktop/Git/EU4/MyProject/Content/StarterContent/Maps/Advanced_Lighting.umap"
[2016.08.07-12.37.25:093][  0]LogPackFactory: Copied "../../../Samples/StarterContent/Content/StarterContent/Maps/Minimal_Default.umap" to "../../../../../../Users/Christopher/Desktop/Git/EU4/MyProject/Content/StarterContent/Maps/Minimal_Default.umap"
[2016.08.07-12.37.25:121][  0]LogPackFactory: Copied "../../../Samples/StarterContent/Content/StarterContent/Maps/StarterMap.umap" to "../../../../../../Users/Christopher/Desktop/Git/EU4/MyProject/Content/StarterContent/Maps/StarterMap.umap"
[2016.08.07-12.37.25:127][  0]LogPackFactory: Copied "../../../Samples/StarterContent/Content/StarterContent/Materials/M_AssetPlatform.uasset" to "../../../../../../Users/Christopher/Desktop/Git/EU4/MyProject/Content/StarterContent/Materials/M_AssetPlatform.uasset"
[2016.08.07-12.37.25:132][  0]LogPackFactory: Copied "../../../Samples/StarterContent/Content/StarterContent/Materials/M_Basic_Floor.uasset" to "../../../../../../Users/Christopher/Desktop/Git/EU4/MyProject/Content/StarterContent/Materials/M_Basic_Floor.uasset"
[2016.08.07-12.37.25:138][  0]LogPackFactory: Copied "../../../Samples/StarterContent/Content/StarterContent/Materials/M_Basic_Wall.uasset" to "../../../../../../Users/Christopher/Desktop/Git/EU4/MyProject/Content/StarterContent/Materials/M_Basic_Wall.uasset"
[2016.08.07-12.37.25:143][  0]LogPackFactory: Copied "../../../Samples/StarterContent/Content/StarterContent/Materials/M_Brick_Clay_Beveled.uasset" to "../../../../../../Users/Christopher/Desktop/Git/EU4/MyProject/Content/StarterContent/Materials/M_Brick_Clay_Beveled.uasset"
[2016.08.07-12.37.25:148][  0]LogPackFactory: Copied "../../../Samples/StarterContent/Content/StarterContent/Materials/M_Brick_Clay_New.uasset" to "../../../../../../Users/Christopher/Desktop/Git/EU4/MyProject/Content/StarterContent/Materials/M_Brick_Clay_New.uasset"
[2016.08.07-12.37.25:154][  0]LogPackFactory: Copied "../../../Samples/StarterContent/Content/StarterContent/Materials/M_Brick_Clay_Old.uasset" to "../../../../../../Users/Christopher/Desktop/Git/EU4/MyProject/Content/StarterContent/Materials/M_Brick_Clay_Old.uasset"
[2016.08.07-12.37.25:159][  0]LogPackFactory: Copied "../../../Samples/StarterContent/Content/StarterContent/Materials/M_Brick_Cut_Stone.uasset" to "../../../../../../Users/Christopher/Desktop/Git/EU4/MyProject/Content/StarterContent/Materials/M_Brick_Cut_Stone.uasset"
[2016.08.07-12.37.25:164][  0]LogPackFactory: Copied "../../../Samples/StarterContent/Content/StarterContent/Materials/M_Brick_Hewn_Stone.uasset" to "../../../../../../Users/Christopher/Desktop/Git/EU4/MyProject/Content/StarterContent/Materials/M_Brick_Hewn_Stone.uasset"
[2016.08.07-12.37.25:170][  0]LogPackFactory: Copied "../../../Samples/StarterContent/Content/StarterContent/Materials/M_Ceramic_Tile_Checker.uasset" to "../../../../../../Users/Christopher/Desktop/Git/EU4/MyProject/Content/StarterContent/Materials/M_Ceramic_Tile_Checker.uasset"
[2016.08.07-12.37.25:175][  0]LogPackFactory: Copied "../../../Samples/StarterContent/Content/StarterContent/Materials/M_CobbleStone_Pebble.uasset" to "../../../../../../Users/Christopher/Desktop/Git/EU4/MyProject/Content/StarterContent/Materials/M_CobbleStone_Pebble.uasset"
[2016.08.07-12.37.25:180][  0]LogPackFactory: Copied "../../../Samples/StarterContent/Content/StarterContent/Materials/M_CobbleStone_Rough.uasset" to "../../../../../../Users/Christopher/Desktop/Git/EU4/MyProject/Content/StarterContent/Materials/M_CobbleStone_Rough.uasset"
[2016.08.07-12.37.25:185][  0]LogPackFactory: Copied "../../../Samples/StarterContent/Content/StarterContent/Materials/M_CobbleStone_Smooth.uasset" to "../../../../../../Users/Christopher/Desktop/Git/EU4/MyProject/Content/StarterContent/Materials/M_CobbleStone_Smooth.uasset"
[2016.08.07-12.37.25:191][  0]LogPackFactory: Copied "../../../Samples/StarterContent/Content/StarterContent/Materials/M_ColorGrid_LowSpec.uasset" to "../../../../../../Users/Christopher/Desktop/Git/EU4/MyProject/Content/StarterContent/Materials/M_ColorGrid_LowSpec.uasset"
[2016.08.07-12.37.25:196][  0]LogPackFactory: Copied "../../../Samples/StarterContent/Content/StarterContent/Materials/M_Concrete_Grime.uasset" to "../../../../../../Users/Christopher/Desktop/Git/EU4/MyProject/Content/StarterContent/Materials/M_Concrete_Grime.uasset"
[2016.08.07-12.37.25:201][  0]LogPackFactory: Copied "../../../Samples/StarterContent/Content/StarterContent/Materials/M_Concrete_Panels.uasset" to "../../../../../../Users/Christopher/Desktop/Git/EU4/MyProject/Content/StarterContent/Materials/M_Concrete_Panels.uasset"
[2016.08.07-12.37.25:206][  0]LogPackFactory: Copied "../../../Samples/StarterContent/Content/StarterContent/Materials/M_Concrete_Poured.uasset" to "../../../../../../Users/Christopher/Desktop/Git/EU4/MyProject/Content/StarterContent/Materials/M_Concrete_Poured.uasset"
[2016.08.07-12.37.25:212][  0]LogPackFactory: Copied "../../../Samples/StarterContent/Content/StarterContent/Materials/M_Concrete_Tiles.uasset" to "../../../../../../Users/Christopher/Desktop/Git/EU4/MyProject/Content/StarterContent/Materials/M_Concrete_Tiles.uasset"
[2016.08.07-12.37.25:216][  0]LogPackFactory: Copied "../../../Samples/StarterContent/Content/StarterContent/Materials/M_Glass.uasset" to "../../../../../../Users/Christopher/Desktop/Git/EU4/MyProject/Content/StarterContent/Materials/M_Glass.uasset"
[2016.08.07-12.37.25:222][  0]LogPackFactory: Copied "../../../Samples/StarterContent/Content/StarterContent/Materials/M_Ground_Grass.uasset" to "../../../../../../Users/Christopher/Desktop/Git/EU4/MyProject/Content/StarterContent/Materials/M_Ground_Grass.uasset"
[2016.08.07-12.37.25:227][  0]LogPackFactory: Copied "../../../Samples/StarterContent/Content/StarterContent/Materials/M_Ground_Gravel.uasset" to "../../../../../../Users/Christopher/Desktop/Git/EU4/MyProject/Content/StarterContent/Materials/M_Ground_Gravel.uasset"
[2016.08.07-12.37.25:231][  0]LogPackFactory: Copied "../../../Samples/StarterContent/Content/StarterContent/Materials/M_Ground_Moss.uasset" to "../../../../../../Users/Christopher/Desktop/Git/EU4/MyProject/Content/StarterContent/Materials/M_Ground_Moss.uasset"
[2016.08.07-12.37.25:236][  0]LogPackFactory: Copied "../../../Samples/StarterContent/Content/StarterContent/Materials/M_Metal_Brushed_Nickel.uasset" to "../../../../../../Users/Christopher/Desktop/Git/EU4/MyProject/Content/StarterContent/Materials/M_Metal_Brushed_Nickel.uasset"
[2016.08.07-12.37.25:242][  0]LogPackFactory: Copied "../../../Samples/StarterContent/Content/StarterContent/Materials/M_Metal_Burnished_Steel.uasset" to "../../../../../../Users/Christopher/Desktop/Git/EU4/MyProject/Content/StarterContent/Materials/M_Metal_Burnished_Steel.uasset"
[2016.08.07-12.37.25:246][  0]LogPackFactory: Copied "../../../Samples/StarterContent/Content/StarterContent/Materials/M_Metal_Chrome.uasset" to "../../../../../../Users/Christopher/Desktop/Git/EU4/MyProject/Content/StarterContent/Materials/M_Metal_Chrome.uasset"
[2016.08.07-12.37.25:251][  0]LogPackFactory: Copied "../../../Samples/StarterContent/Content/StarterContent/Materials/M_Metal_Copper.uasset" to "../../../../../../Users/Christopher/Desktop/Git/EU4/MyProject/Content/StarterContent/Materials/M_Metal_Copper.uasset"
[2016.08.07-12.37.25:257][  0]LogPackFactory: Copied "../../../Samples/StarterContent/Content/StarterContent/Materials/M_Metal_Gold.uasset" to "../../../../../../Users/Christopher/Desktop/Git/EU4/MyProject/Content/StarterContent/Materials/M_Metal_Gold.uasset"
[2016.08.07-12.37.25:263][  0]LogPackFactory: Copied "../../../Samples/StarterContent/Content/StarterContent/Materials/M_Metal_Rust.uasset" to "../../../../../../Users/Christopher/Desktop/Git/EU4/MyProject/Content/StarterContent/Materials/M_Metal_Rust.uasset"
[2016.08.07-12.37.25:269][  0]LogPackFactory: Copied "../../../Samples/StarterContent/Content/StarterContent/Materials/M_Metal_Steel.uasset" to "../../../../../../Users/Christopher/Desktop/Git/EU4/MyProject/Content/StarterContent/Materials/M_Metal_Steel.uasset"
[2016.08.07-12.37.25:274][  0]LogPackFactory: Copied "../../../Samples/StarterContent/Content/StarterContent/Materials/M_Rock_Basalt.uasset" to "../../../../../../Users/Christopher/Desktop/Git/EU4/MyProject/Content/StarterContent/Materials/M_Rock_Basalt.uasset"
[2016.08.07-12.37.25:279][  0]LogPackFactory: Copied "../../../Samples/StarterContent/Content/StarterContent/Materials/M_Rock_Marble_Polished.uasset" to "../../../../../../Users/Christopher/Desktop/Git/EU4/MyProject/Content/StarterContent/Materials/M_Rock_Marble_Polished.uasset"
[2016.08.07-12.37.25:285][  0]LogPackFactory: Copied "../../../Samples/StarterContent/Content/StarterContent/Materials/M_Rock_Sandstone.uasset" to "../../../../../../Users/Christopher/Desktop/Git/EU4/MyProject/Content/StarterContent/Materials/M_Rock_Sandstone.uasset"
[2016.08.07-12.37.25:290][  0]LogPackFactory: Copied "../../../Samples/StarterContent/Content/StarterContent/Materials/M_Rock_Slate.uasset" to "../../../../../../Users/Christopher/Desktop/Git/EU4/MyProject/Content/StarterContent/Materials/M_Rock_Slate.uasset"
[2016.08.07-12.37.25:295][  0]LogPackFactory: Copied "../../../Samples/StarterContent/Content/StarterContent/Materials/M_Tech_Checker_Dot.uasset" to "../../../../../../Users/Christopher/Desktop/Git/EU4/MyProject/Content/StarterContent/Materials/M_Tech_Checker_Dot.uasset"
[2016.08.07-12.37.25:301][  0]LogPackFactory: Copied "../../../Samples/StarterContent/Content/StarterContent/Materials/M_Tech_Hex_Tile.uasset" to "../../../../../../Users/Christopher/Desktop/Git/EU4/MyProject/Content/StarterContent/Materials/M_Tech_Hex_Tile.uasset"
[2016.08.07-12.37.25:306][  0]LogPackFactory: Copied "../../../Samples/StarterContent/Content/StarterContent/Materials/M_Tech_Hex_Tile_Pulse.uasset" to "../../../../../../Users/Christopher/Desktop/Git/EU4/MyProject/Content/StarterContent/Materials/M_Tech_Hex_Tile_Pulse.uasset"
[2016.08.07-12.37.25:311][  0]LogPackFactory: Copied "../../../Samples/StarterContent/Content/StarterContent/Materials/M_Tech_Panel.uasset" to "../../../../../../Users/Christopher/Desktop/Git/EU4/MyProject/Content/StarterContent/Materials/M_Tech_Panel.uasset"
[2016.08.07-12.37.25:316][  0]LogPackFactory: Copied "../../../Samples/StarterContent/Content/StarterContent/Materials/M_Water_Lake.uasset" to "../../../../../../Users/Christopher/Desktop/Git/EU4/MyProject/Content/StarterContent/Materials/M_Water_Lake.uasset"
[2016.08.07-12.37.25:321][  0]LogPackFactory: Copied "../../../Samples/StarterContent/Content/StarterContent/Materials/M_Water_Ocean.uasset" to "../../../../../../Users/Christopher/Desktop/Git/EU4/MyProject/Content/StarterContent/Materials/M_Water_Ocean.uasset"
[2016.08.07-12.37.25:326][  0]LogPackFactory: Copied "../../../Samples/StarterContent/Content/StarterContent/Materials/M_Wood_Floor_Walnut_Polished.uasset" to "../../../../../../Users/Christopher/Desktop/Git/EU4/MyProject/Content/StarterContent/Materials/M_Wood_Floor_Walnut_Polished.uasset"
[2016.08.07-12.37.25:332][  0]LogPackFactory: Copied "../../../Samples/StarterContent/Content/StarterContent/Materials/M_Wood_Floor_Walnut_Worn.uasset" to "../../../../../../Users/Christopher/Desktop/Git/EU4/MyProject/Content/StarterContent/Materials/M_Wood_Floor_Walnut_Worn.uasset"
[2016.08.07-12.37.25:336][  0]LogPackFactory: Copied "../../../Samples/StarterContent/Content/StarterContent/Materials/M_Wood_Oak.uasset" to "../../../../../../Users/Christopher/Desktop/Git/EU4/MyProject/Content/StarterContent/Materials/M_Wood_Oak.uasset"
[2016.08.07-12.37.25:342][  0]LogPackFactory: Copied "../../../Samples/StarterContent/Content/StarterContent/Materials/M_Wood_Pine.uasset" to "../../../../../../Users/Christopher/Desktop/Git/EU4/MyProject/Content/StarterContent/Materials/M_Wood_Pine.uasset"
[2016.08.07-12.37.25:346][  0]LogPackFactory: Copied "../../../Samples/StarterContent/Content/StarterContent/Materials/M_Wood_Walnut.uasset" to "../../../../../../Users/Christopher/Desktop/Git/EU4/MyProject/Content/StarterContent/Materials/M_Wood_Walnut.uasset"
[2016.08.07-12.37.25:352][  0]LogPackFactory: Copied "../../../Samples/StarterContent/Content/StarterContent/Particles/P_Ambient_Dust.uasset" to "../../../../../../Users/Christopher/Desktop/Git/EU4/MyProject/Content/StarterContent/Particles/P_Ambient_Dust.uasset"
[2016.08.07-12.37.25:357][  0]LogPackFactory: Copied "../../../Samples/StarterContent/Content/StarterContent/Particles/P_Explosion.uasset" to "../../../../../../Users/Christopher/Desktop/Git/EU4/MyProject/Content/StarterContent/Particles/P_Explosion.uasset"
[2016.08.07-12.37.25:363][  0]LogPackFactory: Copied "../../../Samples/StarterContent/Content/StarterContent/Particles/P_Fire.uasset" to "../../../../../../Users/Christopher/Desktop/Git/EU4/MyProject/Content/StarterContent/Particles/P_Fire.uasset"
[2016.08.07-12.37.25:368][  0]LogPackFactory: Copied "../../../Samples/StarterContent/Content/StarterContent/Particles/P_Smoke.uasset" to "../../../../../../Users/Christopher/Desktop/Git/EU4/MyProject/Content/StarterContent/Particles/P_Smoke.uasset"
[2016.08.07-12.37.25:373][  0]LogPackFactory: Copied "../../../Samples/StarterContent/Content/StarterContent/Particles/P_Sparks.uasset" to "../../../../../../Users/Christopher/Desktop/Git/EU4/MyProject/Content/StarterContent/Particles/P_Sparks.uasset"
[2016.08.07-12.37.25:379][  0]LogPackFactory: Copied "../../../Samples/StarterContent/Content/StarterContent/Particles/P_Steam_Lit.uasset" to "../../../../../../Users/Christopher/Desktop/Git/EU4/MyProject/Content/StarterContent/Particles/P_Steam_Lit.uasset"
[2016.08.07-12.37.25:385][  0]LogPackFactory: Copied "../../../Samples/StarterContent/Content/StarterContent/Particles/Materials/M_Burst.uasset" to "../../../../../../Users/Christopher/Desktop/Git/EU4/MyProject/Content/StarterContent/Particles/Materials/M_Burst.uasset"
[2016.08.07-12.37.25:390][  0]LogPackFactory: Copied "../../../Samples/StarterContent/Content/StarterContent/Particles/Materials/M_Dust_Particle.uasset" to "../../../../../../Users/Christopher/Desktop/Git/EU4/MyProject/Content/StarterContent/Particles/Materials/M_Dust_Particle.uasset"
[2016.08.07-12.37.25:396][  0]LogPackFactory: Copied "../../../Samples/StarterContent/Content/StarterContent/Particles/Materials/M_explosion_subUV.uasset" to "../../../../../../Users/Christopher/Desktop/Git/EU4/MyProject/Content/StarterContent/Particles/Materials/M_explosion_subUV.uasset"
[2016.08.07-12.37.25:400][  0]LogPackFactory: Copied "../../../Samples/StarterContent/Content/StarterContent/Particles/Materials/M_Fire_SubUV.uasset" to "../../../../../../Users/Christopher/Desktop/Git/EU4/MyProject/Content/StarterContent/Particles/Materials/M_Fire_SubUV.uasset"
[2016.08.07-12.37.25:406][  0]LogPackFactory: Copied "../../../Samples/StarterContent/Content/StarterContent/Particles/Materials/m_flare_01.uasset" to "../../../../../../Users/Christopher/Desktop/Git/EU4/MyProject/Content/StarterContent/Particles/Materials/m_flare_01.uasset"
[2016.08.07-12.37.25:411][  0]LogPackFactory: Copied "../../../Samples/StarterContent/Content/StarterContent/Particles/Materials/M_Heat_Distortion.uasset" to "../../../../../../Users/Christopher/Desktop/Git/EU4/MyProject/Content/StarterContent/Particles/Materials/M_Heat_Distortion.uasset"
[2016.08.07-12.37.25:417][  0]LogPackFactory: Copied "../../../Samples/StarterContent/Content/StarterContent/Particles/Materials/M_Radial_Gradient.uasset" to "../../../../../../Users/Christopher/Desktop/Git/EU4/MyProject/Content/StarterContent/Particles/Materials/M_Radial_Gradient.uasset"
[2016.08.07-12.37.25:423][  0]LogPackFactory: Copied "../../../Samples/StarterContent/Content/StarterContent/Particles/Materials/M_radial_ramp.uasset" to "../../../../../../Users/Christopher/Desktop/Git/EU4/MyProject/Content/StarterContent/Particles/Materials/M_radial_ramp.uasset"
[2016.08.07-12.37.25:428][  0]LogPackFactory: Copied "../../../Samples/StarterContent/Content/StarterContent/Particles/Materials/M_smoke_subUV.uasset" to "../../../../../../Users/Christopher/Desktop/Git/EU4/MyProject/Content/StarterContent/Particles/Materials/M_smoke_subUV.uasset"
[2016.08.07-12.37.25:433][  0]LogPackFactory: Copied "../../../Samples/StarterContent/Content/StarterContent/Particles/Materials/M_Spark.uasset" to "../../../../../../Users/Christopher/Desktop/Git/EU4/MyProject/Content/StarterContent/Particles/Materials/M_Spark.uasset"
[2016.08.07-12.37.25:438][  0]LogPackFactory: Copied "../../../Samples/StarterContent/Content/StarterContent/Props/MaterialSphere.uasset" to "../../../../../../Users/Christopher/Desktop/Git/EU4/MyProject/Content/StarterContent/Props/MaterialSphere.uasset"
[2016.08.07-12.37.25:444][  0]LogPackFactory: Copied "../../../Samples/StarterContent/Content/StarterContent/Props/SM_Bush.uasset" to "../../../../../../Users/Christopher/Desktop/Git/EU4/MyProject/Content/StarterContent/Props/SM_Bush.uasset"
[2016.08.07-12.37.25:449][  0]LogPackFactory: Copied "../../../Samples/StarterContent/Content/StarterContent/Props/SM_Chair.uasset" to "../../../../../../Users/Christopher/Desktop/Git/EU4/MyProject/Content/StarterContent/Props/SM_Chair.uasset"
[2016.08.07-12.37.25:454][  0]LogPackFactory: Copied "../../../Samples/StarterContent/Content/StarterContent/Props/SM_CornerFrame.uasset" to "../../../../../../Users/Christopher/Desktop/Git/EU4/MyProject/Content/StarterContent/Props/SM_CornerFrame.uasset"
[2016.08.07-12.37.25:460][  0]LogPackFactory: Copied "../../../Samples/StarterContent/Content/StarterContent/Props/SM_Couch.uasset" to "../../../../../../Users/Christopher/Desktop/Git/EU4/MyProject/Content/StarterContent/Props/SM_Couch.uasset"
[2016.08.07-12.37.25:466][  0]LogPackFactory: Copied "../../../Samples/StarterContent/Content/StarterContent/Props/SM_Door.uasset" to "../../../../../../Users/Christopher/Desktop/Git/EU4/MyProject/Content/StarterContent/Props/SM_Door.uasset"
[2016.08.07-12.37.25:471][  0]LogPackFactory: Copied "../../../Samples/StarterContent/Content/StarterContent/Props/SM_DoorFrame.uasset" to "../../../../../../Users/Christopher/Desktop/Git/EU4/MyProject/Content/StarterContent/Props/SM_DoorFrame.uasset"
[2016.08.07-12.37.25:476][  0]LogPackFactory: Copied "../../../Samples/StarterContent/Content/StarterContent/Props/SM_GlassWindow.uasset" to "../../../../../../Users/Christopher/Desktop/Git/EU4/MyProject/Content/StarterContent/Props/SM_GlassWindow.uasset"
[2016.08.07-12.37.25:482][  0]LogPackFactory: Copied "../../../Samples/StarterContent/Content/StarterContent/Props/SM_Lamp_Ceiling.uasset" to "../../../../../../Users/Christopher/Desktop/Git/EU4/MyProject/Content/StarterContent/Props/SM_Lamp_Ceiling.uasset"
[2016.08.07-12.37.25:487][  0]LogPackFactory: Copied "../../../Samples/StarterContent/Content/StarterContent/Props/SM_Lamp_Wall.uasset" to "../../../../../../Users/Christopher/Desktop/Git/EU4/MyProject/Content/StarterContent/Props/SM_Lamp_Wall.uasset"
[2016.08.07-12.37.25:495][  0]LogPackFactory: Copied "../../../Samples/StarterContent/Content/StarterContent/Props/SM_MatPreviewMesh_02.uasset" to "../../../../../../Users/Christopher/Desktop/Git/EU4/MyProject/Content/StarterContent/Props/SM_MatPreviewMesh_02.uasset"
[2016.08.07-12.37.25:501][  0]LogPackFactory: Copied "../../../Samples/StarterContent/Content/StarterContent/Props/SM_PillarFrame.uasset" to "../../../../../../Users/Christopher/Desktop/Git/EU4/MyProject/Content/StarterContent/Props/SM_PillarFrame.uasset"
[2016.08.07-12.37.25:506][  0]LogPackFactory: Copied "../../../Samples/StarterContent/Content/StarterContent/Props/SM_PillarFrame300.uasset" to "../../../../../../Users/Christopher/Desktop/Git/EU4/MyProject/Content/StarterContent/Props/SM_PillarFrame300.uasset"
[2016.08.07-12.37.25:512][  0]LogPackFactory: Copied "../../../Samples/StarterContent/Content/StarterContent/Props/SM_Rock.uasset" to "../../../../../../Users/Christopher/Desktop/Git/EU4/MyProject/Content/StarterContent/Props/SM_Rock.uasset"
[2016.08.07-12.37.25:517][  0]LogPackFactory: Copied "../../../Samples/StarterContent/Content/StarterContent/Props/SM_Shelf.uasset" to "../../../../../../Users/Christopher/Desktop/Git/EU4/MyProject/Content/StarterContent/Props/SM_Shelf.uasset"
[2016.08.07-12.37.25:521][  0]LogPackFactory: Copied "../../../Samples/StarterContent/Content/StarterContent/Props/SM_Stairs.uasset" to "../../../../../../Users/Christopher/Desktop/Git/EU4/MyProject/Content/StarterContent/Props/SM_Stairs.uasset"
[2016.08.07-12.37.25:527][  0]LogPackFactory: Copied "../../../Samples/StarterContent/Content/StarterContent/Props/SM_Statue.uasset" to "../../../../../../Users/Christopher/Desktop/Git/EU4/MyProject/Content/StarterContent/Props/SM_Statue.uasset"
[2016.08.07-12.37.25:533][  0]LogPackFactory: Copied "../../../Samples/StarterContent/Content/StarterContent/Props/SM_TableRound.uasset" to "../../../../../../Users/Christopher/Desktop/Git/EU4/MyProject/Content/StarterContent/Props/SM_TableRound.uasset"
[2016.08.07-12.37.25:538][  0]LogPackFactory: Copied "../../../Samples/StarterContent/Content/StarterContent/Props/SM_WindowFrame.uasset" to "../../../../../../Users/Christopher/Desktop/Git/EU4/MyProject/Content/StarterContent/Props/SM_WindowFrame.uasset"
[2016.08.07-12.37.25:543][  0]LogPackFactory: Copied "../../../Samples/StarterContent/Content/StarterContent/Props/Materials/M_Bush.uasset" to "../../../../../../Users/Christopher/Desktop/Git/EU4/MyProject/Content/StarterContent/Props/Materials/M_Bush.uasset"
[2016.08.07-12.37.25:548][  0]LogPackFactory: Copied "../../../Samples/StarterContent/Content/StarterContent/Props/Materials/M_Chair.uasset" to "../../../../../../Users/Christopher/Desktop/Git/EU4/MyProject/Content/StarterContent/Props/Materials/M_Chair.uasset"
[2016.08.07-12.37.25:553][  0]LogPackFactory: Copied "../../../Samples/StarterContent/Content/StarterContent/Props/Materials/M_Door.uasset" to "../../../../../../Users/Christopher/Desktop/Git/EU4/MyProject/Content/StarterContent/Props/Materials/M_Door.uasset"
[2016.08.07-12.37.25:558][  0]LogPackFactory: Copied "../../../Samples/StarterContent/Content/StarterContent/Props/Materials/M_Frame.uasset" to "../../../../../../Users/Christopher/Desktop/Git/EU4/MyProject/Content/StarterContent/Props/Materials/M_Frame.uasset"
[2016.08.07-12.37.25:563][  0]LogPackFactory: Copied "../../../Samples/StarterContent/Content/StarterContent/Props/Materials/M_Lamp.uasset" to "../../../../../../Users/Christopher/Desktop/Git/EU4/MyProject/Content/StarterContent/Props/Materials/M_Lamp.uasset"
[2016.08.07-12.37.25:569][  0]LogPackFactory: Copied "../../../Samples/StarterContent/Content/StarterContent/Props/Materials/M_MaterialSphere.uasset" to "../../../../../../Users/Christopher/Desktop/Git/EU4/MyProject/Content/StarterContent/Props/Materials/M_MaterialSphere.uasset"
[2016.08.07-12.37.25:576][  0]LogPackFactory: Copied "../../../Samples/StarterContent/Content/StarterContent/Props/Materials/M_MaterialSphere_Plain.uasset" to "../../../../../../Users/Christopher/Desktop/Git/EU4/MyProject/Content/StarterContent/Props/Materials/M_MaterialSphere_Plain.uasset"
[2016.08.07-12.37.25:581][  0]LogPackFactory: Copied "../../../Samples/StarterContent/Content/StarterContent/Props/Materials/M_Rock.uasset" to "../../../../../../Users/Christopher/Desktop/Git/EU4/MyProject/Content/StarterContent/Props/Materials/M_Rock.uasset"
[2016.08.07-12.37.25:586][  0]LogPackFactory: Copied "../../../Samples/StarterContent/Content/StarterContent/Props/Materials/M_Shelf.uasset" to "../../../../../../Users/Christopher/Desktop/Git/EU4/MyProject/Content/StarterContent/Props/Materials/M_Shelf.uasset"
[2016.08.07-12.37.25:591][  0]LogPackFactory: Copied "../../../Samples/StarterContent/Content/StarterContent/Props/Materials/M_Statue.uasset" to "../../../../../../Users/Christopher/Desktop/Git/EU4/MyProject/Content/StarterContent/Props/Materials/M_Statue.uasset"
[2016.08.07-12.37.25:602][  0]LogPackFactory: Copied "../../../Samples/StarterContent/Content/StarterContent/Props/Materials/M_StatueGlass.uasset" to "../../../../../../Users/Christopher/Desktop/Git/EU4/MyProject/Content/StarterContent/Props/Materials/M_StatueGlass.uasset"
[2016.08.07-12.37.25:608][  0]LogPackFactory: Copied "../../../Samples/StarterContent/Content/StarterContent/Props/Materials/M_TableRound.uasset" to "../../../../../../Users/Christopher/Desktop/Git/EU4/MyProject/Content/StarterContent/Props/Materials/M_TableRound.uasset"
[2016.08.07-12.37.25:614][  0]LogPackFactory: Copied "../../../Samples/StarterContent/Content/StarterContent/Shapes/Shape_Cone.uasset" to "../../../../../../Users/Christopher/Desktop/Git/EU4/MyProject/Content/StarterContent/Shapes/Shape_Cone.uasset"
[2016.08.07-12.37.25:619][  0]LogPackFactory: Copied "../../../Samples/StarterContent/Content/StarterContent/Shapes/Shape_Cube.uasset" to "../../../../../../Users/Christopher/Desktop/Git/EU4/MyProject/Content/StarterContent/Shapes/Shape_Cube.uasset"
[2016.08.07-12.37.25:624][  0]LogPackFactory: Copied "../../../Samples/StarterContent/Content/StarterContent/Shapes/Shape_Cylinder.uasset" to "../../../../../../Users/Christopher/Desktop/Git/EU4/MyProject/Content/StarterContent/Shapes/Shape_Cylinder.uasset"
[2016.08.07-12.37.25:630][  0]LogPackFactory: Copied "../../../Samples/StarterContent/Content/StarterContent/Shapes/Shape_NarrowCapsule.uasset" to "../../../../../../Users/Christopher/Desktop/Git/EU4/MyProject/Content/StarterContent/Shapes/Shape_NarrowCapsule.uasset"
[2016.08.07-12.37.25:636][  0]LogPackFactory: Copied "../../../Samples/StarterContent/Content/StarterContent/Shapes/Shape_Pipe.uasset" to "../../../../../../Users/Christopher/Desktop/Git/EU4/MyProject/Content/StarterContent/Shapes/Shape_Pipe.uasset"
[2016.08.07-12.37.25:641][  0]LogPackFactory: Copied "../../../Samples/StarterContent/Content/StarterContent/Shapes/Shape_Pipe_180.uasset" to "../../../../../../Users/Christopher/Desktop/Git/EU4/MyProject/Content/StarterContent/Shapes/Shape_Pipe_180.uasset"
[2016.08.07-12.37.25:647][  0]LogPackFactory: Copied "../../../Samples/StarterContent/Content/StarterContent/Shapes/Shape_Pipe_90.uasset" to "../../../../../../Users/Christopher/Desktop/Git/EU4/MyProject/Content/StarterContent/Shapes/Shape_Pipe_90.uasset"
[2016.08.07-12.37.25:652][  0]LogPackFactory: Copied "../../../Samples/StarterContent/Content/StarterContent/Shapes/Shape_Plane.uasset" to "../../../../../../Users/Christopher/Desktop/Git/EU4/MyProject/Content/StarterContent/Shapes/Shape_Plane.uasset"
[2016.08.07-12.37.25:657][  0]LogPackFactory: Copied "../../../Samples/StarterContent/Content/StarterContent/Shapes/Shape_QuadPyramid.uasset" to "../../../../../../Users/Christopher/Desktop/Git/EU4/MyProject/Content/StarterContent/Shapes/Shape_QuadPyramid.uasset"
[2016.08.07-12.37.25:663][  0]LogPackFactory: Copied "../../../Samples/StarterContent/Content/StarterContent/Shapes/Shape_Sphere.uasset" to "../../../../../../Users/Christopher/Desktop/Git/EU4/MyProject/Content/StarterContent/Shapes/Shape_Sphere.uasset"
[2016.08.07-12.37.25:669][  0]LogPackFactory: Copied "../../../Samples/StarterContent/Content/StarterContent/Shapes/Shape_Torus.uasset" to "../../../../../../Users/Christopher/Desktop/Git/EU4/MyProject/Content/StarterContent/Shapes/Shape_Torus.uasset"
[2016.08.07-12.37.25:674][  0]LogPackFactory: Copied "../../../Samples/StarterContent/Content/StarterContent/Shapes/Shape_Trim.uasset" to "../../../../../../Users/Christopher/Desktop/Git/EU4/MyProject/Content/StarterContent/Shapes/Shape_Trim.uasset"
[2016.08.07-12.37.25:680][  0]LogPackFactory: Copied "../../../Samples/StarterContent/Content/StarterContent/Shapes/Shape_Trim_90_In.uasset" to "../../../../../../Users/Christopher/Desktop/Git/EU4/MyProject/Content/StarterContent/Shapes/Shape_Trim_90_In.uasset"
[2016.08.07-12.37.25:685][  0]LogPackFactory: Copied "../../../Samples/StarterContent/Content/StarterContent/Shapes/Shape_Trim_90_Out.uasset" to "../../../../../../Users/Christopher/Desktop/Git/EU4/MyProject/Content/StarterContent/Shapes/Shape_Trim_90_Out.uasset"
[2016.08.07-12.37.25:691][  0]LogPackFactory: Copied "../../../Samples/StarterContent/Content/StarterContent/Shapes/Shape_TriPyramid.uasset" to "../../../../../../Users/Christopher/Desktop/Git/EU4/MyProject/Content/StarterContent/Shapes/Shape_TriPyramid.uasset"
[2016.08.07-12.37.25:696][  0]LogPackFactory: Copied "../../../Samples/StarterContent/Content/StarterContent/Shapes/Shape_Tube.uasset" to "../../../../../../Users/Christopher/Desktop/Git/EU4/MyProject/Content/StarterContent/Shapes/Shape_Tube.uasset"
[2016.08.07-12.37.25:701][  0]LogPackFactory: Copied "../../../Samples/StarterContent/Content/StarterContent/Shapes/Shape_Wedge_A.uasset" to "../../../../../../Users/Christopher/Desktop/Git/EU4/MyProject/Content/StarterContent/Shapes/Shape_Wedge_A.uasset"
[2016.08.07-12.37.25:707][  0]LogPackFactory: Copied "../../../Samples/StarterContent/Content/StarterContent/Shapes/Shape_Wedge_B.uasset" to "../../../../../../Users/Christopher/Desktop/Git/EU4/MyProject/Content/StarterContent/Shapes/Shape_Wedge_B.uasset"
[2016.08.07-12.37.25:712][  0]LogPackFactory: Copied "../../../Samples/StarterContent/Content/StarterContent/Shapes/Shape_WideCapsule.uasset" to "../../../../../../Users/Christopher/Desktop/Git/EU4/MyProject/Content/StarterContent/Shapes/Shape_WideCapsule.uasset"
[2016.08.07-12.37.25:728][  0]LogPackFactory: Copied "../../../Samples/StarterContent/Content/StarterContent/Textures/T_Brick_Clay_Beveled_D.uasset" to "../../../../../../Users/Christopher/Desktop/Git/EU4/MyProject/Content/StarterContent/Textures/T_Brick_Clay_Beveled_D.uasset"
[2016.08.07-12.37.25:745][  0]LogPackFactory: Copied "../../../Samples/StarterContent/Content/StarterContent/Textures/T_Brick_Clay_Beveled_M.uasset" to "../../../../../../Users/Christopher/Desktop/Git/EU4/MyProject/Content/StarterContent/Textures/T_Brick_Clay_Beveled_M.uasset"
[2016.08.07-12.37.25:760][  0]LogPackFactory: Copied "../../../Samples/StarterContent/Content/StarterContent/Textures/T_Brick_Clay_Beveled_N.uasset" to "../../../../../../Users/Christopher/Desktop/Git/EU4/MyProject/Content/StarterContent/Textures/T_Brick_Clay_Beveled_N.uasset"
[2016.08.07-12.37.25:773][  0]LogPackFactory: Copied "../../../Samples/StarterContent/Content/StarterContent/Textures/T_Brick_Clay_New_D.uasset" to "../../../../../../Users/Christopher/Desktop/Git/EU4/MyProject/Content/StarterContent/Textures/T_Brick_Clay_New_D.uasset"
[2016.08.07-12.37.25:795][  0]LogPackFactory: Copied "../../../Samples/StarterContent/Content/StarterContent/Textures/T_Brick_Clay_New_M.uasset" to "../../../../../../Users/Christopher/Desktop/Git/EU4/MyProject/Content/StarterContent/Textures/T_Brick_Clay_New_M.uasset"
[2016.08.07-12.37.25:813][  0]LogPackFactory: Copied "../../../Samples/StarterContent/Content/StarterContent/Textures/T_Brick_Clay_New_N.uasset" to "../../../../../../Users/Christopher/Desktop/Git/EU4/MyProject/Content/StarterContent/Textures/T_Brick_Clay_New_N.uasset"
[2016.08.07-12.37.25:835][  0]LogPackFactory: Copied "../../../Samples/StarterContent/Content/StarterContent/Textures/T_Brick_Clay_Old_D.uasset" to "../../../../../../Users/Christopher/Desktop/Git/EU4/MyProject/Content/StarterContent/Textures/T_Brick_Clay_Old_D.uasset"
[2016.08.07-12.37.25:852][  0]LogPackFactory: Copied "../../../Samples/StarterContent/Content/StarterContent/Textures/T_Brick_Clay_Old_N.uasset" to "../../../../../../Users/Christopher/Desktop/Git/EU4/MyProject/Content/StarterContent/Textures/T_Brick_Clay_Old_N.uasset"
[2016.08.07-12.37.25:877][  0]LogPackFactory: Copied "../../../Samples/StarterContent/Content/StarterContent/Textures/T_Brick_Cut_Stone_D.uasset" to "../../../../../../Users/Christopher/Desktop/Git/EU4/MyProject/Content/StarterContent/Textures/T_Brick_Cut_Stone_D.uasset"
[2016.08.07-12.37.25:892][  0]LogPackFactory: Copied "../../../Samples/StarterContent/Content/StarterContent/Textures/T_Brick_Cut_Stone_N.uasset" to "../../../../../../Users/Christopher/Desktop/Git/EU4/MyProject/Content/StarterContent/Textures/T_Brick_Cut_Stone_N.uasset"
[2016.08.07-12.37.25:908][  0]LogPackFactory: Copied "../../../Samples/StarterContent/Content/StarterContent/Textures/T_Brick_Hewn_Stone_D.uasset" to "../../../../../../Users/Christopher/Desktop/Git/EU4/MyProject/Content/StarterContent/Textures/T_Brick_Hewn_Stone_D.uasset"
[2016.08.07-12.37.25:923][  0]LogPackFactory: Copied "../../../Samples/StarterContent/Content/StarterContent/Textures/T_Brick_Hewn_Stone_M.uasset" to "../../../../../../Users/Christopher/Desktop/Git/EU4/MyProject/Content/StarterContent/Textures/T_Brick_Hewn_Stone_M.uasset"
[2016.08.07-12.37.25:941][  0]LogPackFactory: Copied "../../../Samples/StarterContent/Content/StarterContent/Textures/T_Brick_Hewn_Stone_N.uasset" to "../../../../../../Users/Christopher/Desktop/Git/EU4/MyProject/Content/StarterContent/Textures/T_Brick_Hewn_Stone_N.uasset"
[2016.08.07-12.37.25:948][  0]LogPackFactory: Copied "../../../Samples/StarterContent/Content/StarterContent/Textures/T_Burst_M.uasset" to "../../../../../../Users/Christopher/Desktop/Git/EU4/MyProject/Content/StarterContent/Textures/T_Burst_M.uasset"
[2016.08.07-12.37.25:954][  0]LogPackFactory: Copied "../../../Samples/StarterContent/Content/StarterContent/Textures/T_Bush_D.uasset" to "../../../../../../Users/Christopher/Desktop/Git/EU4/MyProject/Content/StarterContent/Textures/T_Bush_D.uasset"
[2016.08.07-12.37.25:961][  0]LogPackFactory: Copied "../../../Samples/StarterContent/Content/StarterContent/Textures/T_Bush_N.uasset" to "../../../../../../Users/Christopher/Desktop/Git/EU4/MyProject/Content/StarterContent/Textures/T_Bush_N.uasset"
[2016.08.07-12.37.25:966][  0]LogPackFactory: Copied "../../../Samples/StarterContent/Content/StarterContent/Textures/T_Ceramic_Tile_M.uasset" to "../../../../../../Users/Christopher/Desktop/Git/EU4/MyProject/Content/StarterContent/Textures/T_Ceramic_Tile_M.uasset"
[2016.08.07-12.37.25:972][  0]LogPackFactory: Copied "../../../Samples/StarterContent/Content/StarterContent/Textures/T_Ceramic_Tile_N.uasset" to "../../../../../../Users/Christopher/Desktop/Git/EU4/MyProject/Content/StarterContent/Textures/T_Ceramic_Tile_N.uasset"
[2016.08.07-12.37.25:979][  0]LogPackFactory: Copied "../../../Samples/StarterContent/Content/StarterContent/Textures/T_Chair_M.uasset" to "../../../../../../Users/Christopher/Desktop/Git/EU4/MyProject/Content/StarterContent/Textures/T_Chair_M.uasset"
[2016.08.07-12.37.25:987][  0]LogPackFactory: Copied "../../../Samples/StarterContent/Content/StarterContent/Textures/T_Chair_N.uasset" to "../../../../../../Users/Christopher/Desktop/Git/EU4/MyProject/Content/StarterContent/Textures/T_Chair_N.uasset"
[2016.08.07-12.37.25:993][  0]LogPackFactory: Copied "../../../Samples/StarterContent/Content/StarterContent/Textures/T_Checker_Noise_M.uasset" to "../../../../../../Users/Christopher/Desktop/Git/EU4/MyProject/Content/StarterContent/Textures/T_Checker_Noise_M.uasset"
[2016.08.07-12.37.26:018][  0]LogPackFactory: Copied "../../../Samples/StarterContent/Content/StarterContent/Textures/T_CobbleStone_Pebble_D.uasset" to "../../../../../../Users/Christopher/Desktop/Git/EU4/MyProject/Content/StarterContent/Textures/T_CobbleStone_Pebble_D.uasset"
[2016.08.07-12.37.26:026][  0]LogPackFactory: Copied "../../../Samples/StarterContent/Content/StarterContent/Textures/T_CobbleStone_Pebble_M.uasset" to "../../../../../../Users/Christopher/Desktop/Git/EU4/MyProject/Content/StarterContent/Textures/T_CobbleStone_Pebble_M.uasset"
[2016.08.07-12.37.26:049][  0]LogPackFactory: Copied "../../../Samples/StarterContent/Content/StarterContent/Textures/T_CobbleStone_Pebble_N.uasset" to "../../../../../../Users/Christopher/Desktop/Git/EU4/MyProject/Content/StarterContent/Textures/T_CobbleStone_Pebble_N.uasset"
[2016.08.07-12.37.26:059][  0]LogPackFactory: Copied "../../../Samples/StarterContent/Content/StarterContent/Textures/T_CobbleStone_Rough_D.uasset" to "../../../../../../Users/Christopher/Desktop/Git/EU4/MyProject/Content/StarterContent/Textures/T_CobbleStone_Rough_D.uasset"
[2016.08.07-12.37.26:070][  0]LogPackFactory: Copied "../../../Samples/StarterContent/Content/StarterContent/Textures/T_CobbleStone_Rough_N.uasset" to "../../../../../../Users/Christopher/Desktop/Git/EU4/MyProject/Content/StarterContent/Textures/T_CobbleStone_Rough_N.uasset"
[2016.08.07-12.37.26:085][  0]LogPackFactory: Copied "../../../Samples/StarterContent/Content/StarterContent/Textures/T_CobbleStone_Smooth_D.uasset" to "../../../../../../Users/Christopher/Desktop/Git/EU4/MyProject/Content/StarterContent/Textures/T_CobbleStone_Smooth_D.uasset"
[2016.08.07-12.37.26:098][  0]LogPackFactory: Copied "../../../Samples/StarterContent/Content/StarterContent/Textures/T_CobbleStone_Smooth_M.uasset" to "../../../../../../Users/Christopher/Desktop/Git/EU4/MyProject/Content/StarterContent/Textures/T_CobbleStone_Smooth_M.uasset"
[2016.08.07-12.37.26:117][  0]LogPackFactory: Copied "../../../Samples/StarterContent/Content/StarterContent/Textures/T_CobbleStone_Smooth_N.uasset" to "../../../../../../Users/Christopher/Desktop/Git/EU4/MyProject/Content/StarterContent/Textures/T_CobbleStone_Smooth_N.uasset"
[2016.08.07-12.37.26:136][  0]LogPackFactory: Copied "../../../Samples/StarterContent/Content/StarterContent/Textures/T_Concrete_Grime_D.uasset" to "../../../../../../Users/Christopher/Desktop/Git/EU4/MyProject/Content/StarterContent/Textures/T_Concrete_Grime_D.uasset"
[2016.08.07-12.37.26:153][  0]LogPackFactory: Copied "../../../Samples/StarterContent/Content/StarterContent/Textures/T_Concrete_Panels_D.uasset" to "../../../../../../Users/Christopher/Desktop/Git/EU4/MyProject/Content/StarterContent/Textures/T_Concrete_Panels_D.uasset"
[2016.08.07-12.37.26:168][  0]LogPackFactory: Copied "../../../Samples/StarterContent/Content/StarterContent/Textures/T_Concrete_Panels_N.uasset" to "../../../../../../Users/Christopher/Desktop/Git/EU4/MyProject/Content/StarterContent/Textures/T_Concrete_Panels_N.uasset"
[2016.08.07-12.37.26:191][  0]LogPackFactory: Copied "../../../Samples/StarterContent/Content/StarterContent/Textures/T_Concrete_Poured_D.uasset" to "../../../../../../Users/Christopher/Desktop/Git/EU4/MyProject/Content/StarterContent/Textures/T_Concrete_Poured_D.uasset"
[2016.08.07-12.37.26:207][  0]LogPackFactory: Copied "../../../Samples/StarterContent/Content/StarterContent/Textures/T_Concrete_Poured_N.uasset" to "../../../../../../Users/Christopher/Desktop/Git/EU4/MyProject/Content/StarterContent/Textures/T_Concrete_Poured_N.uasset"
[2016.08.07-12.37.26:219][  0]LogPackFactory: Copied "../../../Samples/StarterContent/Content/StarterContent/Textures/T_Concrete_Tiles_D.uasset" to "../../../../../../Users/Christopher/Desktop/Git/EU4/MyProject/Content/StarterContent/Textures/T_Concrete_Tiles_D.uasset"
[2016.08.07-12.37.26:232][  0]LogPackFactory: Copied "../../../Samples/StarterContent/Content/StarterContent/Textures/T_Concrete_Tiles_M.uasset" to "../../../../../../Users/Christopher/Desktop/Git/EU4/MyProject/Content/StarterContent/Textures/T_Concrete_Tiles_M.uasset"
[2016.08.07-12.37.26:246][  0]LogPackFactory: Copied "../../../Samples/StarterContent/Content/StarterContent/Textures/T_Concrete_Tiles_N.uasset" to "../../../../../../Users/Christopher/Desktop/Git/EU4/MyProject/Content/StarterContent/Textures/T_Concrete_Tiles_N.uasset"
[2016.08.07-12.37.26:248][  0]LogPackFactory: Copied "../../../Samples/StarterContent/Content/StarterContent/Textures/T_Concrete_Tiles_Variation_M.uasset" to "../../../../../../Users/Christopher/Desktop/Git/EU4/MyProject/Content/StarterContent/Textures/T_Concrete_Tiles_Variation_M.uasset"
[2016.08.07-12.37.26:257][  0]LogPackFactory: Copied "../../../Samples/StarterContent/Content/StarterContent/Textures/T_Detail_Rocky_N.uasset" to "../../../../../../Users/Christopher/Desktop/Git/EU4/MyProject/Content/StarterContent/Textures/T_Detail_Rocky_N.uasset"
[2016.08.07-12.37.26:263][  0]LogPackFactory: Copied "../../../Samples/StarterContent/Content/StarterContent/Textures/T_Door_M.uasset" to "../../../../../../Users/Christopher/Desktop/Git/EU4/MyProject/Content/StarterContent/Textures/T_Door_M.uasset"
[2016.08.07-12.37.26:270][  0]LogPackFactory: Copied "../../../Samples/StarterContent/Content/StarterContent/Textures/T_Door_N.uasset" to "../../../../../../Users/Christopher/Desktop/Git/EU4/MyProject/Content/StarterContent/Textures/T_Door_N.uasset"
[2016.08.07-12.37.26:276][  0]LogPackFactory: Copied "../../../Samples/StarterContent/Content/StarterContent/Textures/T_Dust_Particle_D.uasset" to "../../../../../../Users/Christopher/Desktop/Git/EU4/MyProject/Content/StarterContent/Textures/T_Dust_Particle_D.uasset"
[2016.08.07-12.37.26:285][  0]LogPackFactory: Copied "../../../Samples/StarterContent/Content/StarterContent/Textures/T_Explosion_SubUV.uasset" to "../../../../../../Users/Christopher/Desktop/Git/EU4/MyProject/Content/StarterContent/Textures/T_Explosion_SubUV.uasset"
[2016.08.07-12.37.26:291][  0]LogPackFactory: Copied "../../../Samples/StarterContent/Content/StarterContent/Textures/T_Fire_SubUV.uasset" to "../../../../../../Users/Christopher/Desktop/Git/EU4/MyProject/Content/StarterContent/Textures/T_Fire_SubUV.uasset"
[2016.08.07-12.37.26:296][  0]LogPackFactory: Copied "../../../Samples/StarterContent/Content/StarterContent/Textures/T_Fire_Tiled_D.uasset" to "../../../../../../Users/Christopher/Desktop/Git/EU4/MyProject/Content/StarterContent/Textures/T_Fire_Tiled_D.uasset"
[2016.08.07-12.37.26:303][  0]LogPackFactory: Copied "../../../Samples/StarterContent/Content/StarterContent/Textures/T_Frame_M.uasset" to "../../../../../../Users/Christopher/Desktop/Git/EU4/MyProject/Content/StarterContent/Textures/T_Frame_M.uasset"
[2016.08.07-12.37.26:309][  0]LogPackFactory: Copied "../../../Samples/StarterContent/Content/StarterContent/Textures/T_Frame_N.uasset" to "../../../../../../Users/Christopher/Desktop/Git/EU4/MyProject/Content/StarterContent/Textures/T_Frame_N.uasset"
[2016.08.07-12.37.26:311][  0]LogPackFactory: Copied "../../../Samples/StarterContent/Content/StarterContent/Textures/T_Gradinet_01.uasset" to "../../../../../../Users/Christopher/Desktop/Git/EU4/MyProject/Content/StarterContent/Textures/T_Gradinet_01.uasset"
[2016.08.07-12.37.26:334][  0]LogPackFactory: Copied "../../../Samples/StarterContent/Content/StarterContent/Textures/T_Ground_Grass_D.uasset" to "../../../../../../Users/Christopher/Desktop/Git/EU4/MyProject/Content/StarterContent/Textures/T_Ground_Grass_D.uasset"
[2016.08.07-12.37.26:355][  0]LogPackFactory: Copied "../../../Samples/StarterContent/Content/StarterContent/Textures/T_Ground_Grass_N.uasset" to "../../../../../../Users/Christopher/Desktop/Git/EU4/MyProject/Content/StarterContent/Textures/T_Ground_Grass_N.uasset"
[2016.08.07-12.37.26:375][  0]LogPackFactory: Copied "../../../Samples/StarterContent/Content/StarterContent/Textures/T_Ground_Gravel_D.uasset" to "../../../../../../Users/Christopher/Desktop/Git/EU4/MyProject/Content/StarterContent/Textures/T_Ground_Gravel_D.uasset"
[2016.08.07-12.37.26:389][  0]LogPackFactory: Copied "../../../Samples/StarterContent/Content/StarterContent/Textures/T_Ground_Gravel_N.uasset" to "../../../../../../Users/Christopher/Desktop/Git/EU4/MyProject/Content/StarterContent/Textures/T_Ground_Gravel_N.uasset"
[2016.08.07-12.37.26:413][  0]LogPackFactory: Copied "../../../Samples/StarterContent/Content/StarterContent/Textures/T_ground_Moss_D.uasset" to "../../../../../../Users/Christopher/Desktop/Git/EU4/MyProject/Content/StarterContent/Textures/T_ground_Moss_D.uasset"
[2016.08.07-12.37.26:429][  0]LogPackFactory: Copied "../../../Samples/StarterContent/Content/StarterContent/Textures/T_Ground_Moss_N.uasset" to "../../../../../../Users/Christopher/Desktop/Git/EU4/MyProject/Content/StarterContent/Textures/T_Ground_Moss_N.uasset"
[2016.08.07-12.37.26:435][  0]LogPackFactory: Copied "../../../Samples/StarterContent/Content/StarterContent/Textures/T_Lamp_M.uasset" to "../../../../../../Users/Christopher/Desktop/Git/EU4/MyProject/Content/StarterContent/Textures/T_Lamp_M.uasset"
[2016.08.07-12.37.26:443][  0]LogPackFactory: Copied "../../../Samples/StarterContent/Content/StarterContent/Textures/T_Lamp_N.uasset" to "../../../../../../Users/Christopher/Desktop/Git/EU4/MyProject/Content/StarterContent/Textures/T_Lamp_N.uasset"
[2016.08.07-12.37.26:464][  0]LogPackFactory: Copied "../../../Samples/StarterContent/Content/StarterContent/Textures/T_MacroVariation.uasset" to "../../../../../../Users/Christopher/Desktop/Git/EU4/MyProject/Content/StarterContent/Textures/T_MacroVariation.uasset"
[2016.08.07-12.37.26:481][  0]LogPackFactory: Copied "../../../Samples/StarterContent/Content/StarterContent/Textures/T_Metal_Aluminum_D.uasset" to "../../../../../../Users/Christopher/Desktop/Git/EU4/MyProject/Content/StarterContent/Textures/T_Metal_Aluminum_D.uasset"
[2016.08.07-12.37.26:498][  0]LogPackFactory: Copied "../../../Samples/StarterContent/Content/StarterContent/Textures/T_Metal_Copper_D.uasset" to "../../../../../../Users/Christopher/Desktop/Git/EU4/MyProject/Content/StarterContent/Textures/T_Metal_Copper_D.uasset"
[2016.08.07-12.37.26:514][  0]LogPackFactory: Copied "../../../Samples/StarterContent/Content/StarterContent/Textures/T_Metal_Gold_D.uasset" to "../../../../../../Users/Christopher/Desktop/Git/EU4/MyProject/Content/StarterContent/Textures/T_Metal_Gold_D.uasset"
[2016.08.07-12.37.26:523][  0]LogPackFactory: Copied "../../../Samples/StarterContent/Content/StarterContent/Textures/T_Metal_Gold_N.uasset" to "../../../../../../Users/Christopher/Desktop/Git/EU4/MyProject/Content/StarterContent/Textures/T_Metal_Gold_N.uasset"
[2016.08.07-12.37.26:539][  0]LogPackFactory: Copied "../../../Samples/StarterContent/Content/StarterContent/Textures/T_Metal_Rust_D.uasset" to "../../../../../../Users/Christopher/Desktop/Git/EU4/MyProject/Content/StarterContent/Textures/T_Metal_Rust_D.uasset"
[2016.08.07-12.37.26:554][  0]LogPackFactory: Copied "../../../Samples/StarterContent/Content/StarterContent/Textures/T_Metal_Rust_N.uasset" to "../../../../../../Users/Christopher/Desktop/Git/EU4/MyProject/Content/StarterContent/Textures/T_Metal_Rust_N.uasset"
[2016.08.07-12.37.26:564][  0]LogPackFactory: Copied "../../../Samples/StarterContent/Content/StarterContent/Textures/T_Metal_Steel_D.uasset" to "../../../../../../Users/Christopher/Desktop/Git/EU4/MyProject/Content/StarterContent/Textures/T_Metal_Steel_D.uasset"
[2016.08.07-12.37.26:575][  0]LogPackFactory: Copied "../../../Samples/StarterContent/Content/StarterContent/Textures/T_Metal_Steel_N.uasset" to "../../../../../../Users/Christopher/Desktop/Git/EU4/MyProject/Content/StarterContent/Textures/T_Metal_Steel_N.uasset"
[2016.08.07-12.37.26:590][  0]LogPackFactory: Copied "../../../Samples/StarterContent/Content/StarterContent/Textures/T_Perlin_Noise_M.uasset" to "../../../../../../Users/Christopher/Desktop/Git/EU4/MyProject/Content/StarterContent/Textures/T_Perlin_Noise_M.uasset"
[2016.08.07-12.37.26:598][  0]LogPackFactory: Copied "../../../Samples/StarterContent/Content/StarterContent/Textures/T_RockMesh_M.uasset" to "../../../../../../Users/Christopher/Desktop/Git/EU4/MyProject/Content/StarterContent/Textures/T_RockMesh_M.uasset"
[2016.08.07-12.37.26:610][  0]LogPackFactory: Copied "../../../Samples/StarterContent/Content/StarterContent/Textures/T_RockMesh_N.uasset" to "../../../../../../Users/Christopher/Desktop/Git/EU4/MyProject/Content/StarterContent/Textures/T_RockMesh_N.uasset"
[2016.08.07-12.37.26:627][  0]LogPackFactory: Copied "../../../Samples/StarterContent/Content/StarterContent/Textures/T_Rock_Basalt_D.uasset" to "../../../../../../Users/Christopher/Desktop/Git/EU4/MyProject/Content/StarterContent/Textures/T_Rock_Basalt_D.uasset"
[2016.08.07-12.37.26:644][  0]LogPackFactory: Copied "../../../Samples/StarterContent/Content/StarterContent/Textures/T_Rock_Basalt_N.uasset" to "../../../../../../Users/Christopher/Desktop/Git/EU4/MyProject/Content/StarterContent/Textures/T_Rock_Basalt_N.uasset"
[2016.08.07-12.37.26:656][  0]LogPackFactory: Copied "../../../Samples/StarterContent/Content/StarterContent/Textures/T_Rock_Marble_Polished_D.uasset" to "../../../../../../Users/Christopher/Desktop/Git/EU4/MyProject/Content/StarterContent/Textures/T_Rock_Marble_Polished_D.uasset"
[2016.08.07-12.37.26:673][  0]LogPackFactory: Copied "../../../Samples/StarterContent/Content/StarterContent/Textures/T_Rock_Sandstone_D.uasset" to "../../../../../../Users/Christopher/Desktop/Git/EU4/MyProject/Content/StarterContent/Textures/T_Rock_Sandstone_D.uasset"
[2016.08.07-12.37.26:688][  0]LogPackFactory: Copied "../../../Samples/StarterContent/Content/StarterContent/Textures/T_Rock_Sandstone_N.uasset" to "../../../../../../Users/Christopher/Desktop/Git/EU4/MyProject/Content/StarterContent/Textures/T_Rock_Sandstone_N.uasset"
[2016.08.07-12.37.26:708][  0]LogPackFactory: Copied "../../../Samples/StarterContent/Content/StarterContent/Textures/T_Rock_Slate_D.uasset" to "../../../../../../Users/Christopher/Desktop/Git/EU4/MyProject/Content/StarterContent/Textures/T_Rock_Slate_D.uasset"
[2016.08.07-12.37.26:725][  0]LogPackFactory: Copied "../../../Samples/StarterContent/Content/StarterContent/Textures/T_Rock_Slate_N.uasset" to "../../../../../../Users/Christopher/Desktop/Git/EU4/MyProject/Content/StarterContent/Textures/T_Rock_Slate_N.uasset"
[2016.08.07-12.37.26:741][  0]LogPackFactory: Copied "../../../Samples/StarterContent/Content/StarterContent/Textures/T_Rock_Smooth_Granite_D.uasset" to "../../../../../../Users/Christopher/Desktop/Git/EU4/MyProject/Content/StarterContent/Textures/T_Rock_Smooth_Granite_D.uasset"
[2016.08.07-12.37.26:747][  0]LogPackFactory: Copied "../../../Samples/StarterContent/Content/StarterContent/Textures/T_Shelf_M.uasset" to "../../../../../../Users/Christopher/Desktop/Git/EU4/MyProject/Content/StarterContent/Textures/T_Shelf_M.uasset"
[2016.08.07-12.37.26:754][  0]LogPackFactory: Copied "../../../Samples/StarterContent/Content/StarterContent/Textures/T_Shelf_N.uasset" to "../../../../../../Users/Christopher/Desktop/Git/EU4/MyProject/Content/StarterContent/Textures/T_Shelf_N.uasset"
[2016.08.07-12.37.26:755][  0]LogPackFactory: Copied "../../../Samples/StarterContent/Content/StarterContent/Textures/T_Single_Tile_N.uasset" to "../../../../../../Users/Christopher/Desktop/Git/EU4/MyProject/Content/StarterContent/Textures/T_Single_Tile_N.uasset"
[2016.08.07-12.37.26:764][  0]LogPackFactory: Copied "../../../Samples/StarterContent/Content/StarterContent/Textures/T_Smoke_SubUV.uasset" to "../../../../../../Users/Christopher/Desktop/Git/EU4/MyProject/Content/StarterContent/Textures/T_Smoke_SubUV.uasset"
[2016.08.07-12.37.26:769][  0]LogPackFactory: Copied "../../../Samples/StarterContent/Content/StarterContent/Textures/T_Smoke_Tiled_D.uasset" to "../../../../../../Users/Christopher/Desktop/Git/EU4/MyProject/Content/StarterContent/Textures/T_Smoke_Tiled_D.uasset"
[2016.08.07-12.37.26:774][  0]LogPackFactory: Copied "../../../Samples/StarterContent/Content/StarterContent/Textures/T_Spark_Core.uasset" to "../../../../../../Users/Christopher/Desktop/Git/EU4/MyProject/Content/StarterContent/Textures/T_Spark_Core.uasset"
[2016.08.07-12.37.26:779][  0]LogPackFactory: Copied "../../../Samples/StarterContent/Content/StarterContent/Textures/T_Statue_M.uasset" to "../../../../../../Users/Christopher/Desktop/Git/EU4/MyProject/Content/StarterContent/Textures/T_Statue_M.uasset"
[2016.08.07-12.37.26:785][  0]LogPackFactory: Copied "../../../Samples/StarterContent/Content/StarterContent/Textures/T_Statue_N.uasset" to "../../../../../../Users/Christopher/Desktop/Git/EU4/MyProject/Content/StarterContent/Textures/T_Statue_N.uasset"
[2016.08.07-12.37.26:791][  0]LogPackFactory: Copied "../../../Samples/StarterContent/Content/StarterContent/Textures/T_TableRound_M.uasset" to "../../../../../../Users/Christopher/Desktop/Git/EU4/MyProject/Content/StarterContent/Textures/T_TableRound_M.uasset"
[2016.08.07-12.37.26:799][  0]LogPackFactory: Copied "../../../Samples/StarterContent/Content/StarterContent/Textures/T_TableRound_N.uasset" to "../../../../../../Users/Christopher/Desktop/Git/EU4/MyProject/Content/StarterContent/Textures/T_TableRound_N.uasset"
[2016.08.07-12.37.26:805][  0]LogPackFactory: Copied "../../../Samples/StarterContent/Content/StarterContent/Textures/T_Tech_Dot_M.uasset" to "../../../../../../Users/Christopher/Desktop/Git/EU4/MyProject/Content/StarterContent/Textures/T_Tech_Dot_M.uasset"
[2016.08.07-12.37.26:810][  0]LogPackFactory: Copied "../../../Samples/StarterContent/Content/StarterContent/Textures/T_Tech_Dot_N.uasset" to "../../../../../../Users/Christopher/Desktop/Git/EU4/MyProject/Content/StarterContent/Textures/T_Tech_Dot_N.uasset"
[2016.08.07-12.37.26:817][  0]LogPackFactory: Copied "../../../Samples/StarterContent/Content/StarterContent/Textures/T_Tech_Hex_Tile_M.uasset" to "../../../../../../Users/Christopher/Desktop/Git/EU4/MyProject/Content/StarterContent/Textures/T_Tech_Hex_Tile_M.uasset"
[2016.08.07-12.37.26:824][  0]LogPackFactory: Copied "../../../Samples/StarterContent/Content/StarterContent/Textures/T_Tech_Hex_Tile_N.uasset" to "../../../../../../Users/Christopher/Desktop/Git/EU4/MyProject/Content/StarterContent/Textures/T_Tech_Hex_Tile_N.uasset"
[2016.08.07-12.37.26:831][  0]LogPackFactory: Copied "../../../Samples/StarterContent/Content/StarterContent/Textures/T_Tech_Panel_M.uasset" to "../../../../../../Users/Christopher/Desktop/Git/EU4/MyProject/Content/StarterContent/Textures/T_Tech_Panel_M.uasset"
[2016.08.07-12.37.26:839][  0]LogPackFactory: Copied "../../../Samples/StarterContent/Content/StarterContent/Textures/T_Tech_Panel_N.uasset" to "../../../../../../Users/Christopher/Desktop/Git/EU4/MyProject/Content/StarterContent/Textures/T_Tech_Panel_N.uasset"
[2016.08.07-12.37.26:846][  0]LogPackFactory: Copied "../../../Samples/StarterContent/Content/StarterContent/Textures/T_Water_M.uasset" to "../../../../../../Users/Christopher/Desktop/Git/EU4/MyProject/Content/StarterContent/Textures/T_Water_M.uasset"
[2016.08.07-12.37.26:855][  0]LogPackFactory: Copied "../../../Samples/StarterContent/Content/StarterContent/Textures/T_Water_N.uasset" to "../../../../../../Users/Christopher/Desktop/Git/EU4/MyProject/Content/StarterContent/Textures/T_Water_N.uasset"
[2016.08.07-12.37.26:867][  0]LogPackFactory: Copied "../../../Samples/StarterContent/Content/StarterContent/Textures/T_Wood_Floor_Walnut_D.uasset" to "../../../../../../Users/Christopher/Desktop/Git/EU4/MyProject/Content/StarterContent/Textures/T_Wood_Floor_Walnut_D.uasset"
[2016.08.07-12.37.26:877][  0]LogPackFactory: Copied "../../../Samples/StarterContent/Content/StarterContent/Textures/T_Wood_Floor_Walnut_M.uasset" to "../../../../../../Users/Christopher/Desktop/Git/EU4/MyProject/Content/StarterContent/Textures/T_Wood_Floor_Walnut_M.uasset"
[2016.08.07-12.37.26:886][  0]LogPackFactory: Copied "../../../Samples/StarterContent/Content/StarterContent/Textures/T_Wood_Floor_Walnut_N.uasset" to "../../../../../../Users/Christopher/Desktop/Git/EU4/MyProject/Content/StarterContent/Textures/T_Wood_Floor_Walnut_N.uasset"
[2016.08.07-12.37.26:900][  0]LogPackFactory: Copied "../../../Samples/StarterContent/Content/StarterContent/Textures/T_Wood_Oak_D.uasset" to "../../../../../../Users/Christopher/Desktop/Git/EU4/MyProject/Content/StarterContent/Textures/T_Wood_Oak_D.uasset"
[2016.08.07-12.37.26:914][  0]LogPackFactory: Copied "../../../Samples/StarterContent/Content/StarterContent/Textures/T_Wood_Oak_N.uasset" to "../../../../../../Users/Christopher/Desktop/Git/EU4/MyProject/Content/StarterContent/Textures/T_Wood_Oak_N.uasset"
[2016.08.07-12.37.26:932][  0]LogPackFactory: Copied "../../../Samples/StarterContent/Content/StarterContent/Textures/T_Wood_Pine_D.uasset" to "../../../../../../Users/Christopher/Desktop/Git/EU4/MyProject/Content/StarterContent/Textures/T_Wood_Pine_D.uasset"
[2016.08.07-12.37.26:942][  0]LogPackFactory: Copied "../../../Samples/StarterContent/Content/StarterContent/Textures/T_Wood_Pine_N.uasset" to "../../../../../../Users/Christopher/Desktop/Git/EU4/MyProject/Content/StarterContent/Textures/T_Wood_Pine_N.uasset"
[2016.08.07-12.37.26:957][  0]LogPackFactory: Copied "../../../Samples/StarterContent/Content/StarterContent/Textures/T_Wood_Walnut_D.uasset" to "../../../../../../Users/Christopher/Desktop/Git/EU4/MyProject/Content/StarterContent/Textures/T_Wood_Walnut_D.uasset"
[2016.08.07-12.37.26:967][  0]LogPackFactory: Copied "../../../Samples/StarterContent/Content/StarterContent/Textures/T_Wood_Walnut_N.uasset" to "../../../../../../Users/Christopher/Desktop/Git/EU4/MyProject/Content/StarterContent/Textures/T_Wood_Walnut_N.uasset"
[2016.08.07-12.37.27:117][  0]LogRenderer: Reallocating scene render targets to support 256x256 (Frame:2).
[2016.08.07-12.37.27:185][  0]LogSavePackage: Save=14.05ms
[2016.08.07-12.37.27:185][  0]LogSavePackage: Moving '../../../../../../Users/Christopher/Desktop/Git/EU4/MyProject/Saved/Floor_400x400CE3A296A49C668BC16E6A384EA1369B6.tmp' to '../../../../../../Users/Christopher/Desktop/Git/EU4/MyProject/Content/StarterContent/Architecture/Floor_400x400.uasset'
[2016.08.07-12.37.27:189][  0]LogSavePackage:Display: Finished SavePackage ../../../../../../Users/Christopher/Desktop/Git/EU4/MyProject/Content/StarterContent/Architecture/Floor_400x400.uasset
[2016.08.07-12.37.27:189][  0]LogFeaturePack:Warning: Inserted 1 feature packs
[2016.08.07-12.37.27:191][  0]Cmd: MAP LOAD FILE="../../../../../../Users/Christopher/Desktop/Git/EU4/MyProject/Content/ThirdPersonBP/Maps/ThirdPersonExampleMap.umap" TEMPLATE=0 SHOWPROGRESS=1 FEATURELEVEL=3
[2016.08.07-12.37.27:192][  0]LightingResults: New page: Lighting Build
[2016.08.07-12.37.27:196][  0]MapCheck: New page: Map Check
[2016.08.07-12.37.27:196][  0]LightingResults: New page: Lighting Build
[2016.08.07-12.37.27:769][  0]LogAIModule: Creating AISystem for world ThirdPersonExampleMap
[2016.08.07-12.37.27:781][  0]LogEditorServer: Finished looking for orphan Actors (0.000 secs)
[2016.08.07-12.37.27:781][  0]Cmd: MAP CHECKDEP NOCLEARLOG
[2016.08.07-12.37.27:856][  0]MapCheck: Info Map check complete: 0 Error(s), 0 Warning(s), took 74.999ms to complete.
[2016.08.07-12.37.27:857][  0]LogFileHelpers: Loading map 'ThirdPersonExampleMap' took 0.666
[2016.08.07-12.37.28:129][  0]LogCollectionManager: Loaded 0 collections in 0.004253 seconds
[2016.08.07-12.37.28:205][  0]LogFileCache: Scanning file cache for directory 'C:/Users/Christopher/Desktop/Git/EU4/MyProject/Saved/Collections/' took 0.01s
[2016.08.07-12.37.28:205][  0]LogFileCache: Scanning file cache for directory 'C:/Users/Christopher/Desktop/Git/EU4/MyProject/Content/Developers/Christopher/Collections/' took 0.01s
[2016.08.07-12.37.28:205][  0]LogFileCache: Scanning file cache for directory 'C:/Users/Christopher/Desktop/Git/EU4/MyProject/Content/Collections/' took 0.01s
[2016.08.07-12.37.28:205][  0]LogCollectionManager: Rebuilt the GUID cache for 0 collections in 0.000005 seconds
[2016.08.07-12.37.28:224][  0]LogContentBrowser: Native class hierarchy populated in 0.0182 seconds. Added 2047 clas